2022-09-09 14:46:14 info: ERROR: Database connection failed
2022-09-09 14:47:21 info: Database connection was successful
2022-09-09 14:47:21 info: =================================
2022-09-09 14:47:21 info: ======= ENV: development =======
2022-09-09 14:47:21 info: 🚀 App listening on the port 3000
2022-09-09 14:47:21 info: =================================
2022-09-09 14:48:48 info: Database connection was successful
2022-09-09 14:48:48 info: =================================
2022-09-09 14:48:48 info: ======= ENV: development =======
2022-09-09 14:48:48 info: 🚀 App listening on the port 3000
2022-09-09 14:48:48 info: =================================
2022-09-09 14:49:21 info: Database connection was successful
2022-09-09 14:49:21 info: =================================
2022-09-09 14:49:21 info: ======= ENV: development =======
2022-09-09 14:49:21 info: 🚀 App listening on the port 3000
2022-09-09 14:49:21 info: =================================
2022-09-09 14:50:14 info: Database connection was successful
2022-09-09 14:50:14 info: =================================
2022-09-09 14:50:14 info: ======= ENV: development =======
2022-09-09 14:50:14 info: 🚀 App listening on the port 3000
2022-09-09 14:50:14 info: =================================
2022-09-09 14:50:15 info: [0mGET /master/1 [32m200[0m 301.832 ms - -[0m
2022-09-09 14:51:11 info: Database connection was successful
2022-09-09 14:51:11 info: =================================
2022-09-09 14:51:11 info: ======= ENV: development =======
2022-09-09 14:51:11 info: 🚀 App listening on the port 3000
2022-09-09 14:51:11 info: =================================
2022-09-09 14:51:14 info: [0mGET /master/1 [32m200[0m 320.857 ms - 256[0m
2022-09-09 14:59:22 info: Database connection was successful
2022-09-09 14:59:22 info: =================================
2022-09-09 14:59:22 info: ======= ENV: development =======
2022-09-09 14:59:22 info: 🚀 App listening on the port 3000
2022-09-09 14:59:22 info: =================================
2022-09-09 15:03:20 info: Database connection was successful
2022-09-09 15:03:20 info: =================================
2022-09-09 15:03:20 info: ======= ENV: development =======
2022-09-09 15:03:20 info: 🚀 App listening on the port 3000
2022-09-09 15:03:20 info: =================================
2022-09-09 15:03:23 info: Database connection was successful
2022-09-09 15:03:23 info: =================================
2022-09-09 15:03:23 info: ======= ENV: development =======
2022-09-09 15:03:23 info: 🚀 App listening on the port 3000
2022-09-09 15:03:23 info: =================================
2022-09-09 15:07:41 info: Database connection was successful
2022-09-09 15:07:41 info: =================================
2022-09-09 15:07:41 info: ======= ENV: development =======
2022-09-09 15:07:41 info: 🚀 App listening on the port 3000
2022-09-09 15:07:41 info: =================================
2022-09-09 15:09:08 info: Database connection was successful
2022-09-09 15:09:08 info: =================================
2022-09-09 15:09:08 info: ======= ENV: development =======
2022-09-09 15:09:08 info: 🚀 App listening on the port 3000
2022-09-09 15:09:08 info: =================================
2022-09-09 15:09:32 info: Database connection was successful
2022-09-09 15:09:32 info: =================================
2022-09-09 15:09:32 info: ======= ENV: development =======
2022-09-09 15:09:32 info: 🚀 App listening on the port 3000
2022-09-09 15:09:32 info: =================================
2022-09-09 15:09:52 info: Database connection was successful
2022-09-09 15:09:52 info: =================================
2022-09-09 15:09:52 info: ======= ENV: development =======
2022-09-09 15:09:52 info: 🚀 App listening on the port 3000
2022-09-09 15:09:52 info: =================================
2022-09-09 15:10:01 info: Database connection was successful
2022-09-09 15:10:01 info: =================================
2022-09-09 15:10:01 info: ======= ENV: development =======
2022-09-09 15:10:01 info: 🚀 App listening on the port 3000
2022-09-09 15:10:01 info: =================================
2022-09-09 15:16:23 info: Database connection was successful
2022-09-09 15:16:24 info: =================================
2022-09-09 15:16:24 info: ======= ENV: development =======
2022-09-09 15:16:24 info: 🚀 App listening on the port 3000
2022-09-09 15:16:24 info: =================================
2022-09-09 15:16:29 info: Database connection was successful
2022-09-09 15:16:29 info: =================================
2022-09-09 15:16:29 info: ======= ENV: development =======
2022-09-09 15:16:29 info: 🚀 App listening on the port 3000
2022-09-09 15:16:29 info: =================================
2022-09-09 15:18:26 info: Database connection was successful
2022-09-09 15:18:26 info: =================================
2022-09-09 15:18:26 info: ======= ENV: development =======
2022-09-09 15:18:26 info: 🚀 App listening on the port 3000
2022-09-09 15:18:26 info: =================================
2022-09-09 15:18:31 info: Database connection was successful
2022-09-09 15:18:31 info: =================================
2022-09-09 15:18:31 info: ======= ENV: development =======
2022-09-09 15:18:31 info: 🚀 App listening on the port 3000
2022-09-09 15:18:31 info: =================================
2022-09-09 15:18:39 info: Database connection was successful
2022-09-09 15:18:39 info: =================================
2022-09-09 15:18:39 info: ======= ENV: development =======
2022-09-09 15:18:39 info: 🚀 App listening on the port 3000
2022-09-09 15:18:39 info: =================================
2022-09-09 15:18:50 info: Database connection was successful
2022-09-09 15:18:51 info: =================================
2022-09-09 15:18:51 info: ======= ENV: development =======
2022-09-09 15:18:51 info: 🚀 App listening on the port 3000
2022-09-09 15:18:51 info: =================================
2022-09-09 15:18:57 info: Database connection was successful
2022-09-09 15:18:57 info: =================================
2022-09-09 15:18:57 info: ======= ENV: development =======
2022-09-09 15:18:57 info: 🚀 App listening on the port 3000
2022-09-09 15:18:57 info: =================================
2022-09-09 15:19:00 info: Database connection was successful
2022-09-09 15:19:00 info: =================================
2022-09-09 15:19:00 info: ======= ENV: development =======
2022-09-09 15:19:00 info: 🚀 App listening on the port 3000
2022-09-09 15:19:00 info: =================================
2022-09-09 15:19:04 info: Database connection was successful
2022-09-09 15:19:04 info: =================================
2022-09-09 15:19:04 info: ======= ENV: development =======
2022-09-09 15:19:04 info: 🚀 App listening on the port 3000
2022-09-09 15:19:04 info: =================================
2022-09-09 15:26:38 info: Database connection was successful
2022-09-09 15:26:38 info: =================================
2022-09-09 15:26:38 info: ======= ENV: development =======
2022-09-09 15:26:38 info: 🚀 App listening on the port 3000
2022-09-09 15:26:38 info: =================================
2022-09-09 15:26:42 info: Database connection was successful
2022-09-09 15:26:42 info: =================================
2022-09-09 15:26:42 info: ======= ENV: development =======
2022-09-09 15:26:42 info: 🚀 App listening on the port 3000
2022-09-09 15:26:42 info: =================================
2022-09-09 15:26:48 info: Database connection was successful
2022-09-09 15:26:48 info: =================================
2022-09-09 15:26:48 info: ======= ENV: development =======
2022-09-09 15:26:48 info: 🚀 App listening on the port 3000
2022-09-09 15:26:48 info: =================================
2022-09-09 15:26:57 info: Database connection was successful
2022-09-09 15:26:57 info: =================================
2022-09-09 15:26:57 info: ======= ENV: development =======
2022-09-09 15:26:57 info: 🚀 App listening on the port 3000
2022-09-09 15:26:57 info: =================================
2022-09-09 15:27:02 info: Database connection was successful
2022-09-09 15:27:02 info: =================================
2022-09-09 15:27:02 info: ======= ENV: development =======
2022-09-09 15:27:02 info: 🚀 App listening on the port 3000
2022-09-09 15:27:02 info: =================================
2022-09-09 15:27:14 info: Database connection was successful
2022-09-09 15:27:14 info: =================================
2022-09-09 15:27:14 info: ======= ENV: development =======
2022-09-09 15:27:14 info: 🚀 App listening on the port 3000
2022-09-09 15:27:14 info: =================================
2022-09-09 15:27:16 info: Database connection was successful
2022-09-09 15:27:16 info: =================================
2022-09-09 15:27:16 info: ======= ENV: development =======
2022-09-09 15:27:16 info: 🚀 App listening on the port 3000
2022-09-09 15:27:16 info: =================================
2022-09-09 15:27:20 info: Database connection was successful
2022-09-09 15:27:20 info: =================================
2022-09-09 15:27:20 info: ======= ENV: development =======
2022-09-09 15:27:20 info: 🚀 App listening on the port 3000
2022-09-09 15:27:20 info: =================================
2022-09-09 15:27:33 info: Database connection was successful
2022-09-09 15:27:33 info: =================================
2022-09-09 15:27:33 info: ======= ENV: development =======
2022-09-09 15:27:33 info: 🚀 App listening on the port 3000
2022-09-09 15:27:33 info: =================================
2022-09-09 15:27:39 info: Database connection was successful
2022-09-09 15:27:39 info: =================================
2022-09-09 15:27:39 info: ======= ENV: development =======
2022-09-09 15:27:39 info: 🚀 App listening on the port 3000
2022-09-09 15:27:39 info: =================================
2022-09-09 15:27:44 info: Database connection was successful
2022-09-09 15:27:44 info: =================================
2022-09-09 15:27:44 info: ======= ENV: development =======
2022-09-09 15:27:44 info: 🚀 App listening on the port 3000
2022-09-09 15:27:44 info: =================================
2022-09-09 15:28:03 info: Database connection was successful
2022-09-09 15:28:03 info: =================================
2022-09-09 15:28:03 info: ======= ENV: development =======
2022-09-09 15:28:03 info: 🚀 App listening on the port 3000
2022-09-09 15:28:03 info: =================================
2022-09-09 15:31:19 info: Database connection was successful
2022-09-09 15:31:19 info: =================================
2022-09-09 15:31:19 info: ======= ENV: development =======
2022-09-09 15:31:19 info: 🚀 App listening on the port 3000
2022-09-09 15:31:19 info: =================================
2022-09-09 15:54:25 info: Database connection was successful
2022-09-09 15:54:25 info: =================================
2022-09-09 15:54:25 info: ======= ENV: development =======
2022-09-09 15:54:25 info: 🚀 App listening on the port 3000
2022-09-09 15:54:25 info: =================================
2022-09-09 15:56:15 info: [0mGET /master/1 [0m-[0m - ms - -[0m
2022-09-09 15:56:28 info: Database connection was successful
2022-09-09 15:56:29 info: =================================
2022-09-09 15:56:29 info: ======= ENV: development =======
2022-09-09 15:56:29 info: 🚀 App listening on the port 3000
2022-09-09 15:56:29 info: =================================
2022-09-09 15:57:00 info: [0mGET /master/1 [0m-[0m - ms - -[0m
2022-09-09 15:57:21 info: Database connection was successful
2022-09-09 15:57:21 info: =================================
2022-09-09 15:57:21 info: ======= ENV: development =======
2022-09-09 15:57:21 info: 🚀 App listening on the port 3000
2022-09-09 15:57:21 info: =================================
2022-09-09 16:01:48 info: Database connection was successful
2022-09-09 16:01:48 info: =================================
2022-09-09 16:01:48 info: ======= ENV: development =======
2022-09-09 16:01:48 info: 🚀 App listening on the port 3000
2022-09-09 16:01:48 info: =================================
2022-09-09 16:01:52 info: Database connection was successful
2022-09-09 16:01:52 info: =================================
2022-09-09 16:01:52 info: ======= ENV: development =======
2022-09-09 16:01:52 info: 🚀 App listening on the port 3000
2022-09-09 16:01:52 info: =================================
2022-09-09 16:01:56 info: Database connection was successful
2022-09-09 16:01:56 info: =================================
2022-09-09 16:01:56 info: ======= ENV: development =======
2022-09-09 16:01:56 info: 🚀 App listening on the port 3000
2022-09-09 16:01:56 info: =================================
2022-09-09 16:01:59 info: Database connection was successful
2022-09-09 16:01:59 info: =================================
2022-09-09 16:01:59 info: ======= ENV: development =======
2022-09-09 16:01:59 info: 🚀 App listening on the port 3000
2022-09-09 16:01:59 info: =================================
2022-09-09 16:02:07 info: Database connection was successful
2022-09-09 16:02:07 info: =================================
2022-09-09 16:02:07 info: ======= ENV: development =======
2022-09-09 16:02:07 info: 🚀 App listening on the port 3000
2022-09-09 16:02:07 info: =================================
2022-09-09 16:02:10 info: Database connection was successful
2022-09-09 16:02:10 info: =================================
2022-09-09 16:02:10 info: ======= ENV: development =======
2022-09-09 16:02:10 info: 🚀 App listening on the port 3000
2022-09-09 16:02:10 info: =================================
2022-09-09 16:02:16 info: Database connection was successful
2022-09-09 16:02:16 info: =================================
2022-09-09 16:02:16 info: ======= ENV: development =======
2022-09-09 16:02:16 info: 🚀 App listening on the port 3000
2022-09-09 16:02:16 info: =================================
2022-09-09 16:02:21 info: Database connection was successful
2022-09-09 16:02:21 info: =================================
2022-09-09 16:02:21 info: ======= ENV: development =======
2022-09-09 16:02:21 info: 🚀 App listening on the port 3000
2022-09-09 16:02:21 info: =================================
2022-09-09 16:02:26 info: Database connection was successful
2022-09-09 16:02:26 info: =================================
2022-09-09 16:02:26 info: ======= ENV: development =======
2022-09-09 16:02:26 info: 🚀 App listening on the port 3000
2022-09-09 16:02:26 info: =================================
2022-09-09 16:02:29 info: Database connection was successful
2022-09-09 16:02:29 info: =================================
2022-09-09 16:02:29 info: ======= ENV: development =======
2022-09-09 16:02:29 info: 🚀 App listening on the port 3000
2022-09-09 16:02:29 info: =================================
2022-09-09 16:02:35 info: Database connection was successful
2022-09-09 16:02:35 info: =================================
2022-09-09 16:02:35 info: ======= ENV: development =======
2022-09-09 16:02:35 info: 🚀 App listening on the port 3000
2022-09-09 16:02:35 info: =================================
2022-09-09 16:02:41 info: Database connection was successful
2022-09-09 16:02:41 info: =================================
2022-09-09 16:02:41 info: ======= ENV: development =======
2022-09-09 16:02:41 info: 🚀 App listening on the port 3000
2022-09-09 16:02:41 info: =================================
2022-09-09 16:03:22 info: Database connection was successful
2022-09-09 16:03:22 info: =================================
2022-09-09 16:03:22 info: ======= ENV: development =======
2022-09-09 16:03:22 info: 🚀 App listening on the port 3000
2022-09-09 16:03:22 info: =================================
2022-09-09 16:03:47 info: Database connection was successful
2022-09-09 16:03:47 info: =================================
2022-09-09 16:03:47 info: ======= ENV: development =======
2022-09-09 16:03:47 info: 🚀 App listening on the port 3000
2022-09-09 16:03:47 info: =================================
2022-09-09 16:03:49 info: Database connection was successful
2022-09-09 16:03:50 info: =================================
2022-09-09 16:03:50 info: ======= ENV: development =======
2022-09-09 16:03:50 info: 🚀 App listening on the port 3000
2022-09-09 16:03:50 info: =================================
2022-09-09 16:04:02 info: Database connection was successful
2022-09-09 16:04:02 info: =================================
2022-09-09 16:04:02 info: ======= ENV: development =======
2022-09-09 16:04:02 info: 🚀 App listening on the port 3000
2022-09-09 16:04:02 info: =================================
2022-09-09 16:04:07 info: [0mGET /master/1 [32m200[0m 436.224 ms - -[0m
2022-09-09 16:06:29 info: Database connection was successful
2022-09-09 16:06:29 info: =================================
2022-09-09 16:06:29 info: ======= ENV: development =======
2022-09-09 16:06:29 info: 🚀 App listening on the port 3000
2022-09-09 16:06:29 info: =================================
2022-09-09 16:06:32 info: Database connection was successful
2022-09-09 16:06:32 info: =================================
2022-09-09 16:06:32 info: ======= ENV: development =======
2022-09-09 16:06:32 info: 🚀 App listening on the port 3000
2022-09-09 16:06:32 info: =================================
2022-09-09 16:06:35 info: [0mGET /master/1 [32m200[0m 425.197 ms - -[0m
<<<<<<< HEAD
2022-09-09 17:43:10 info: Database connection was successful
2022-09-09 17:43:10 info: =================================
2022-09-09 17:43:10 info: ======= ENV: development =======
2022-09-09 17:43:10 info: 🚀 App listening on the port 3000
2022-09-09 17:43:10 info: =================================
2022-09-09 17:45:06 info: Database connection was successful
2022-09-09 17:45:06 info: =================================
2022-09-09 17:45:06 info: ======= ENV: development =======
2022-09-09 17:45:06 info: 🚀 App listening on the port 3000
2022-09-09 17:45:06 info: =================================
2022-09-09 17:46:04 info: Database connection was successful
2022-09-09 17:46:04 info: =================================
2022-09-09 17:46:04 info: ======= ENV: development =======
2022-09-09 17:46:04 info: 🚀 App listening on the port 3000
2022-09-09 17:46:04 info: =================================
2022-09-09 17:46:49 info: [0mGET /auth [0m-[0m - ms - -[0m
2022-09-09 17:48:18 info: [0mGET /auth [0m-[0m - ms - -[0m
2022-09-09 17:50:09 info: [0mGET /auth [0m-[0m - ms - -[0m
2022-09-09 17:50:15 info: Database connection was successful
2022-09-09 17:50:15 info: =================================
2022-09-09 17:50:15 info: ======= ENV: development =======
2022-09-09 17:50:15 info: 🚀 App listening on the port 3000
2022-09-09 17:50:15 info: =================================
2022-09-09 17:50:15 info: [0mGET /auth [32m200[0m 354.590 ms - -[0m
2022-09-09 17:51:23 info: [0mGET /auth [32m200[0m 816.372 ms - -[0m
2022-09-09 19:38:35 info: [0mGET /auth [32m200[0m 327.908 ms - -[0m
2022-09-09 19:38:46 info: [0mGET /auth [32m200[0m 443.718 ms - -[0m
2022-09-09 19:45:12 info: Database connection was successful
2022-09-09 19:47:48 info: Database connection was successful
2022-09-09 19:50:43 info: Database connection was successful
2022-09-09 20:05:24 info: Database connection was successful
2022-09-09 23:12:30 info: Database connection was successful
2022-09-09 23:15:48 info: Database connection was successful
2022-09-09 23:18:13 info: Database connection was successful
2022-09-09 23:21:40 info: Database connection was successful
=======
2022-09-09 18:03:56 info: Database connection was successful
2022-09-09 18:03:56 info: =================================
2022-09-09 18:03:56 info: ======= ENV: development =======
2022-09-09 18:03:56 info: 🚀 App listening on the port 3000
2022-09-09 18:03:56 info: =================================
2022-09-09 18:04:09 info: [0mGET /master/1 [32m200[0m 627.197 ms - -[0m
2022-09-09 18:07:12 info: Database connection was successful
2022-09-09 18:07:12 info: =================================
2022-09-09 18:07:12 info: ======= ENV: development =======
2022-09-09 18:07:12 info: 🚀 App listening on the port 3000
2022-09-09 18:07:12 info: =================================
2022-09-09 18:09:14 info: Database connection was successful
2022-09-09 18:09:14 info: =================================
2022-09-09 18:09:14 info: ======= ENV: development =======
2022-09-09 18:09:14 info: 🚀 App listening on the port 3000
2022-09-09 18:09:14 info: =================================
2022-09-09 18:09:54 info: Database connection was successful
2022-09-09 18:09:54 info: =================================
2022-09-09 18:09:54 info: ======= ENV: development =======
2022-09-09 18:09:54 info: 🚀 App listening on the port 3000
2022-09-09 18:09:54 info: =================================
2022-09-09 18:30:48 info: Database connection was successful
2022-09-09 18:30:48 info: =================================
2022-09-09 18:30:48 info: ======= ENV: development =======
2022-09-09 18:30:48 info: 🚀 App listening on the port 3000
2022-09-09 18:30:48 info: =================================
2022-09-09 18:31:48 info: Database connection was successful
2022-09-09 18:31:48 info: =================================
2022-09-09 18:31:48 info: ======= ENV: development =======
2022-09-09 18:31:48 info: 🚀 App listening on the port 3000
2022-09-09 18:31:48 info: =================================
2022-09-09 18:31:53 info: Database connection was successful
2022-09-09 18:31:53 info: =================================
2022-09-09 18:31:53 info: ======= ENV: development =======
2022-09-09 18:31:53 info: 🚀 App listening on the port 3000
2022-09-09 18:31:53 info: =================================
2022-09-09 18:31:55 info: Database connection was successful
2022-09-09 18:31:55 info: =================================
2022-09-09 18:31:55 info: ======= ENV: development =======
2022-09-09 18:31:55 info: 🚀 App listening on the port 3000
2022-09-09 18:31:55 info: =================================
2022-09-09 18:31:58 info: Database connection was successful
2022-09-09 18:31:58 info: =================================
2022-09-09 18:31:58 info: ======= ENV: development =======
2022-09-09 18:31:58 info: 🚀 App listening on the port 3000
2022-09-09 18:31:58 info: =================================
2022-09-09 18:32:10 info: Database connection was successful
2022-09-09 18:32:10 info: =================================
2022-09-09 18:32:10 info: ======= ENV: development =======
2022-09-09 18:32:10 info: 🚀 App listening on the port 3000
2022-09-09 18:32:10 info: =================================
2022-09-09 18:32:14 info: Database connection was successful
2022-09-09 18:32:14 info: =================================
2022-09-09 18:32:14 info: ======= ENV: development =======
2022-09-09 18:32:14 info: 🚀 App listening on the port 3000
2022-09-09 18:32:14 info: =================================
2022-09-09 18:32:38 info: Database connection was successful
2022-09-09 18:32:38 info: =================================
2022-09-09 18:32:38 info: ======= ENV: development =======
2022-09-09 18:32:38 info: 🚀 App listening on the port 3000
2022-09-09 18:32:38 info: =================================
2022-09-09 18:32:52 info: Database connection was successful
2022-09-09 18:32:52 info: =================================
2022-09-09 18:32:52 info: ======= ENV: development =======
2022-09-09 18:32:52 info: 🚀 App listening on the port 3000
2022-09-09 18:32:52 info: =================================
2022-09-09 18:32:54 info: [0mGET /master/1 [32m200[0m 453.159 ms - -[0m
2022-09-09 18:33:08 info: Database connection was successful
2022-09-09 18:33:08 info: =================================
2022-09-09 18:33:08 info: ======= ENV: development =======
2022-09-09 18:33:08 info: 🚀 App listening on the port 3000
2022-09-09 18:33:08 info: =================================
2022-09-09 18:33:12 info: [0mGET /master/1 [32m200[0m 421.561 ms - -[0m
2022-09-09 18:33:21 info: Database connection was successful
2022-09-09 18:33:21 info: =================================
2022-09-09 18:33:21 info: ======= ENV: development =======
2022-09-09 18:33:21 info: 🚀 App listening on the port 3000
2022-09-09 18:33:21 info: =================================
2022-09-09 18:33:55 info: Database connection was successful
2022-09-09 18:33:55 info: =================================
2022-09-09 18:33:55 info: ======= ENV: development =======
2022-09-09 18:33:55 info: 🚀 App listening on the port 3000
2022-09-09 18:33:55 info: =================================
2022-09-09 18:33:57 info: Database connection was successful
2022-09-09 18:33:57 info: =================================
2022-09-09 18:33:57 info: ======= ENV: development =======
2022-09-09 18:33:57 info: 🚀 App listening on the port 3000
2022-09-09 18:33:57 info: =================================
2022-09-09 18:34:14 info: Database connection was successful
2022-09-09 18:34:14 info: =================================
2022-09-09 18:34:14 info: ======= ENV: development =======
2022-09-09 18:34:14 info: 🚀 App listening on the port 3000
2022-09-09 18:34:14 info: =================================
2022-09-09 18:34:28 info: Database connection was successful
2022-09-09 18:34:28 info: =================================
2022-09-09 18:34:28 info: ======= ENV: development =======
2022-09-09 18:34:28 info: 🚀 App listening on the port 3000
2022-09-09 18:34:28 info: =================================
2022-09-09 18:34:31 info: Database connection was successful
2022-09-09 18:34:31 info: =================================
2022-09-09 18:34:31 info: ======= ENV: development =======
2022-09-09 18:34:31 info: 🚀 App listening on the port 3000
2022-09-09 18:34:31 info: =================================
2022-09-09 18:34:33 info: Database connection was successful
2022-09-09 18:34:33 info: =================================
2022-09-09 18:34:33 info: ======= ENV: development =======
2022-09-09 18:34:33 info: 🚀 App listening on the port 3000
2022-09-09 18:34:33 info: =================================
2022-09-09 18:34:35 info: Database connection was successful
2022-09-09 18:34:35 info: =================================
2022-09-09 18:34:35 info: ======= ENV: development =======
2022-09-09 18:34:35 info: 🚀 App listening on the port 3000
2022-09-09 18:34:35 info: =================================
2022-09-09 18:34:38 info: Database connection was successful
2022-09-09 18:34:38 info: =================================
2022-09-09 18:34:38 info: ======= ENV: development =======
2022-09-09 18:34:38 info: 🚀 App listening on the port 3000
2022-09-09 18:34:38 info: =================================
2022-09-09 18:35:01 info: Database connection was successful
2022-09-09 18:35:01 info: =================================
2022-09-09 18:35:01 info: ======= ENV: development =======
2022-09-09 18:35:01 info: 🚀 App listening on the port 3000
2022-09-09 18:35:01 info: =================================
2022-09-09 18:35:04 info: Database connection was successful
2022-09-09 18:35:04 info: =================================
2022-09-09 18:35:04 info: ======= ENV: development =======
2022-09-09 18:35:04 info: 🚀 App listening on the port 3000
2022-09-09 18:35:04 info: =================================
2022-09-09 18:35:10 info: Database connection was successful
2022-09-09 18:35:10 info: =================================
2022-09-09 18:35:10 info: ======= ENV: development =======
2022-09-09 18:35:10 info: 🚀 App listening on the port 3000
2022-09-09 18:35:10 info: =================================
2022-09-09 18:35:16 info: Database connection was successful
2022-09-09 18:35:16 info: =================================
2022-09-09 18:35:16 info: ======= ENV: development =======
2022-09-09 18:35:16 info: 🚀 App listening on the port 3000
2022-09-09 18:35:16 info: =================================
2022-09-09 18:35:36 info: Database connection was successful
2022-09-09 18:35:36 info: =================================
2022-09-09 18:35:36 info: ======= ENV: development =======
2022-09-09 18:35:36 info: 🚀 App listening on the port 3000
2022-09-09 18:35:36 info: =================================
2022-09-09 18:35:38 info: Database connection was successful
2022-09-09 18:35:38 info: =================================
2022-09-09 18:35:38 info: ======= ENV: development =======
2022-09-09 18:35:38 info: 🚀 App listening on the port 3000
2022-09-09 18:35:38 info: =================================
2022-09-09 18:35:40 info: Database connection was successful
2022-09-09 18:35:41 info: =================================
2022-09-09 18:35:41 info: ======= ENV: development =======
2022-09-09 18:35:41 info: 🚀 App listening on the port 3000
2022-09-09 18:35:41 info: =================================
2022-09-09 18:35:44 info: Database connection was successful
2022-09-09 18:35:44 info: =================================
2022-09-09 18:35:44 info: ======= ENV: development =======
2022-09-09 18:35:44 info: 🚀 App listening on the port 3000
2022-09-09 18:35:44 info: =================================
2022-09-09 18:35:49 info: Database connection was successful
2022-09-09 18:35:49 info: =================================
2022-09-09 18:35:49 info: ======= ENV: development =======
2022-09-09 18:35:49 info: 🚀 App listening on the port 3000
2022-09-09 18:35:49 info: =================================
2022-09-09 18:35:54 info: Database connection was successful
2022-09-09 18:35:54 info: =================================
2022-09-09 18:35:54 info: ======= ENV: development =======
2022-09-09 18:35:54 info: 🚀 App listening on the port 3000
2022-09-09 18:35:54 info: =================================
2022-09-09 18:36:05 info: Database connection was successful
2022-09-09 18:36:05 info: =================================
2022-09-09 18:36:05 info: ======= ENV: development =======
2022-09-09 18:36:05 info: 🚀 App listening on the port 3000
2022-09-09 18:36:05 info: =================================
2022-09-09 18:37:31 info: Database connection was successful
2022-09-09 18:37:31 info: =================================
2022-09-09 18:37:31 info: ======= ENV: development =======
2022-09-09 18:37:31 info: 🚀 App listening on the port 3000
2022-09-09 18:37:31 info: =================================
2022-09-09 18:37:42 info: Database connection was successful
2022-09-09 18:37:42 info: =================================
2022-09-09 18:37:42 info: ======= ENV: development =======
2022-09-09 18:37:42 info: 🚀 App listening on the port 3000
2022-09-09 18:37:42 info: =================================
2022-09-09 18:37:46 info: Database connection was successful
2022-09-09 18:37:46 info: =================================
2022-09-09 18:37:46 info: ======= ENV: development =======
2022-09-09 18:37:46 info: 🚀 App listening on the port 3000
2022-09-09 18:37:46 info: =================================
2022-09-09 18:37:53 info: Database connection was successful
2022-09-09 18:37:53 info: =================================
2022-09-09 18:37:53 info: ======= ENV: development =======
2022-09-09 18:37:53 info: 🚀 App listening on the port 3000
2022-09-09 18:37:53 info: =================================
2022-09-09 18:37:57 info: Database connection was successful
2022-09-09 18:37:57 info: =================================
2022-09-09 18:37:57 info: ======= ENV: development =======
2022-09-09 18:37:57 info: 🚀 App listening on the port 3000
2022-09-09 18:37:57 info: =================================
2022-09-09 18:37:59 info: Database connection was successful
2022-09-09 18:37:59 info: =================================
2022-09-09 18:37:59 info: ======= ENV: development =======
2022-09-09 18:37:59 info: 🚀 App listening on the port 3000
2022-09-09 18:37:59 info: =================================
2022-09-09 18:38:03 info: Database connection was successful
2022-09-09 18:38:03 info: =================================
2022-09-09 18:38:03 info: ======= ENV: development =======
2022-09-09 18:38:03 info: 🚀 App listening on the port 3000
2022-09-09 18:38:03 info: =================================
2022-09-09 18:38:07 info: Database connection was successful
2022-09-09 18:38:07 info: =================================
2022-09-09 18:38:07 info: ======= ENV: development =======
2022-09-09 18:38:07 info: 🚀 App listening on the port 3000
2022-09-09 18:38:07 info: =================================
2022-09-09 18:38:11 info: Database connection was successful
2022-09-09 18:38:11 info: =================================
2022-09-09 18:38:11 info: ======= ENV: development =======
2022-09-09 18:38:11 info: 🚀 App listening on the port 3000
2022-09-09 18:38:11 info: =================================
2022-09-09 18:38:14 info: Database connection was successful
2022-09-09 18:38:14 info: =================================
2022-09-09 18:38:14 info: ======= ENV: development =======
2022-09-09 18:38:14 info: 🚀 App listening on the port 3000
2022-09-09 18:38:14 info: =================================
2022-09-09 18:40:24 info: Database connection was successful
2022-09-09 18:40:24 info: =================================
2022-09-09 18:40:24 info: ======= ENV: development =======
2022-09-09 18:40:24 info: 🚀 App listening on the port 3000
2022-09-09 18:40:24 info: =================================
2022-09-09 18:40:26 info: Database connection was successful
2022-09-09 18:40:27 info: =================================
2022-09-09 18:40:27 info: ======= ENV: development =======
2022-09-09 18:40:27 info: 🚀 App listening on the port 3000
2022-09-09 18:40:27 info: =================================
2022-09-09 18:40:46 info: Database connection was successful
2022-09-09 18:40:46 info: =================================
2022-09-09 18:40:46 info: ======= ENV: development =======
2022-09-09 18:40:46 info: 🚀 App listening on the port 3000
2022-09-09 18:40:46 info: =================================
2022-09-09 18:40:52 info: Database connection was successful
2022-09-09 18:40:52 info: =================================
2022-09-09 18:40:52 info: ======= ENV: development =======
2022-09-09 18:40:52 info: 🚀 App listening on the port 3000
2022-09-09 18:40:52 info: =================================
2022-09-09 18:40:56 info: Database connection was successful
2022-09-09 18:40:56 info: =================================
2022-09-09 18:40:56 info: ======= ENV: development =======
2022-09-09 18:40:56 info: 🚀 App listening on the port 3000
2022-09-09 18:40:56 info: =================================
2022-09-09 18:40:59 info: Database connection was successful
2022-09-09 18:40:59 info: =================================
2022-09-09 18:40:59 info: ======= ENV: development =======
2022-09-09 18:40:59 info: 🚀 App listening on the port 3000
2022-09-09 18:40:59 info: =================================
2022-09-09 18:41:04 info: Database connection was successful
2022-09-09 18:41:04 info: =================================
2022-09-09 18:41:04 info: ======= ENV: development =======
2022-09-09 18:41:04 info: 🚀 App listening on the port 3000
2022-09-09 18:41:04 info: =================================
2022-09-09 18:42:05 info: Database connection was successful
2022-09-09 18:42:05 info: =================================
2022-09-09 18:42:05 info: ======= ENV: development =======
2022-09-09 18:42:05 info: 🚀 App listening on the port 3000
2022-09-09 18:42:05 info: =================================
2022-09-09 18:42:08 info: Database connection was successful
2022-09-09 18:42:08 info: =================================
2022-09-09 18:42:08 info: ======= ENV: development =======
2022-09-09 18:42:08 info: 🚀 App listening on the port 3000
2022-09-09 18:42:08 info: =================================
2022-09-09 18:42:10 info: Database connection was successful
2022-09-09 18:42:10 info: =================================
2022-09-09 18:42:10 info: ======= ENV: development =======
2022-09-09 18:42:10 info: 🚀 App listening on the port 3000
2022-09-09 18:42:10 info: =================================
2022-09-09 18:42:16 info: Database connection was successful
2022-09-09 18:42:16 info: =================================
2022-09-09 18:42:16 info: ======= ENV: development =======
2022-09-09 18:42:16 info: 🚀 App listening on the port 3000
2022-09-09 18:42:16 info: =================================
2022-09-09 18:42:18 info: Database connection was successful
2022-09-09 18:42:19 info: =================================
2022-09-09 18:42:19 info: ======= ENV: development =======
2022-09-09 18:42:19 info: 🚀 App listening on the port 3000
2022-09-09 18:42:19 info: =================================
2022-09-09 18:44:06 info: Database connection was successful
2022-09-09 18:44:06 info: =================================
2022-09-09 18:44:06 info: ======= ENV: development =======
2022-09-09 18:44:06 info: 🚀 App listening on the port 3000
2022-09-09 18:44:06 info: =================================
2022-09-09 18:44:36 info: Database connection was successful
2022-09-09 18:44:37 info: =================================
2022-09-09 18:44:37 info: ======= ENV: development =======
2022-09-09 18:44:37 info: 🚀 App listening on the port 3000
2022-09-09 18:44:37 info: =================================
2022-09-09 18:44:40 info: Database connection was successful
2022-09-09 18:44:40 info: =================================
2022-09-09 18:44:40 info: ======= ENV: development =======
2022-09-09 18:44:40 info: 🚀 App listening on the port 3000
2022-09-09 18:44:40 info: =================================
2022-09-09 18:45:06 info: Database connection was successful
2022-09-09 18:45:06 info: =================================
2022-09-09 18:45:06 info: ======= ENV: development =======
2022-09-09 18:45:06 info: 🚀 App listening on the port 3000
2022-09-09 18:45:06 info: =================================
2022-09-09 18:45:10 info: Database connection was successful
2022-09-09 18:45:10 info: =================================
2022-09-09 18:45:10 info: ======= ENV: development =======
2022-09-09 18:45:10 info: 🚀 App listening on the port 3000
2022-09-09 18:45:10 info: =================================
2022-09-09 18:45:14 info: Database connection was successful
2022-09-09 18:45:14 info: =================================
2022-09-09 18:45:14 info: ======= ENV: development =======
2022-09-09 18:45:14 info: 🚀 App listening on the port 3000
2022-09-09 18:45:14 info: =================================
2022-09-09 18:45:21 info: Database connection was successful
2022-09-09 18:45:21 info: =================================
2022-09-09 18:45:21 info: ======= ENV: development =======
2022-09-09 18:45:21 info: 🚀 App listening on the port 3000
2022-09-09 18:45:21 info: =================================
2022-09-09 18:45:26 info: Database connection was successful
2022-09-09 18:45:27 info: =================================
2022-09-09 18:45:27 info: ======= ENV: development =======
2022-09-09 18:45:27 info: 🚀 App listening on the port 3000
2022-09-09 18:45:27 info: =================================
2022-09-09 18:45:52 info: Database connection was successful
2022-09-09 18:45:52 info: =================================
2022-09-09 18:45:52 info: ======= ENV: development =======
2022-09-09 18:45:52 info: 🚀 App listening on the port 3000
2022-09-09 18:45:52 info: =================================
2022-09-09 18:46:02 info: Database connection was successful
2022-09-09 18:46:02 info: =================================
2022-09-09 18:46:02 info: ======= ENV: development =======
2022-09-09 18:46:02 info: 🚀 App listening on the port 3000
2022-09-09 18:46:02 info: =================================
2022-09-09 18:46:05 info: Database connection was successful
2022-09-09 18:46:05 info: =================================
2022-09-09 18:46:05 info: ======= ENV: development =======
2022-09-09 18:46:05 info: 🚀 App listening on the port 3000
2022-09-09 18:46:05 info: =================================
2022-09-09 18:46:10 info: Database connection was successful
2022-09-09 18:46:10 info: =================================
2022-09-09 18:46:10 info: ======= ENV: development =======
2022-09-09 18:46:10 info: 🚀 App listening on the port 3000
2022-09-09 18:46:10 info: =================================
2022-09-09 18:46:15 info: Database connection was successful
2022-09-09 18:46:15 info: =================================
2022-09-09 18:46:15 info: ======= ENV: development =======
2022-09-09 18:46:15 info: 🚀 App listening on the port 3000
2022-09-09 18:46:15 info: =================================
2022-09-09 18:46:53 info: Database connection was successful
2022-09-09 18:46:53 info: =================================
2022-09-09 18:46:53 info: ======= ENV: development =======
2022-09-09 18:46:53 info: 🚀 App listening on the port 3000
2022-09-09 18:46:53 info: =================================
2022-09-09 18:47:06 info: Database connection was successful
2022-09-09 18:47:06 info: =================================
2022-09-09 18:47:06 info: ======= ENV: development =======
2022-09-09 18:47:06 info: 🚀 App listening on the port 3000
2022-09-09 18:47:06 info: =================================
2022-09-09 18:47:37 info: Database connection was successful
2022-09-09 18:47:37 info: =================================
2022-09-09 18:47:37 info: ======= ENV: development =======
2022-09-09 18:47:37 info: 🚀 App listening on the port 3000
2022-09-09 18:47:37 info: =================================
2022-09-09 18:47:39 info: Database connection was successful
2022-09-09 18:47:39 info: =================================
2022-09-09 18:47:39 info: ======= ENV: development =======
2022-09-09 18:47:39 info: 🚀 App listening on the port 3000
2022-09-09 18:47:39 info: =================================
2022-09-09 18:47:51 info: Database connection was successful
2022-09-09 18:47:51 info: =================================
2022-09-09 18:47:51 info: ======= ENV: development =======
2022-09-09 18:47:51 info: 🚀 App listening on the port 3000
2022-09-09 18:47:51 info: =================================
2022-09-09 18:48:17 info: Database connection was successful
2022-09-09 18:48:17 info: =================================
2022-09-09 18:48:17 info: ======= ENV: development =======
2022-09-09 18:48:17 info: 🚀 App listening on the port 3000
2022-09-09 18:48:17 info: =================================
2022-09-09 18:48:27 info: Database connection was successful
2022-09-09 18:48:27 info: =================================
2022-09-09 18:48:27 info: ======= ENV: development =======
2022-09-09 18:48:27 info: 🚀 App listening on the port 3000
2022-09-09 18:48:27 info: =================================
2022-09-09 18:48:44 info: Database connection was successful
2022-09-09 18:48:44 info: =================================
2022-09-09 18:48:44 info: ======= ENV: development =======
2022-09-09 18:48:44 info: 🚀 App listening on the port 3000
2022-09-09 18:48:44 info: =================================
2022-09-09 18:49:51 info: Database connection was successful
2022-09-09 18:49:51 info: =================================
2022-09-09 18:49:51 info: ======= ENV: development =======
2022-09-09 18:49:51 info: 🚀 App listening on the port 3000
2022-09-09 18:49:51 info: =================================
2022-09-09 18:49:56 info: Database connection was successful
2022-09-09 18:49:56 info: =================================
2022-09-09 18:49:56 info: ======= ENV: development =======
2022-09-09 18:49:56 info: 🚀 App listening on the port 3000
2022-09-09 18:49:56 info: =================================
2022-09-09 18:49:59 info: Database connection was successful
2022-09-09 18:49:59 info: =================================
2022-09-09 18:49:59 info: ======= ENV: development =======
2022-09-09 18:49:59 info: 🚀 App listening on the port 3000
2022-09-09 18:49:59 info: =================================
2022-09-09 18:50:07 info: Database connection was successful
2022-09-09 18:50:07 info: =================================
2022-09-09 18:50:07 info: ======= ENV: development =======
2022-09-09 18:50:07 info: 🚀 App listening on the port 3000
2022-09-09 18:50:07 info: =================================
2022-09-09 18:50:18 info: Database connection was successful
2022-09-09 18:50:18 info: =================================
2022-09-09 18:50:18 info: ======= ENV: development =======
2022-09-09 18:50:18 info: 🚀 App listening on the port 3000
2022-09-09 18:50:18 info: =================================
2022-09-09 18:50:24 info: Database connection was successful
2022-09-09 18:50:24 info: =================================
2022-09-09 18:50:24 info: ======= ENV: development =======
2022-09-09 18:50:24 info: 🚀 App listening on the port 3000
2022-09-09 18:50:24 info: =================================
2022-09-09 18:50:27 info: Database connection was successful
2022-09-09 18:50:27 info: =================================
2022-09-09 18:50:27 info: ======= ENV: development =======
2022-09-09 18:50:27 info: 🚀 App listening on the port 3000
2022-09-09 18:50:27 info: =================================
2022-09-09 18:50:30 info: Database connection was successful
2022-09-09 18:50:30 info: =================================
2022-09-09 18:50:30 info: ======= ENV: development =======
2022-09-09 18:50:30 info: 🚀 App listening on the port 3000
2022-09-09 18:50:30 info: =================================
2022-09-09 18:50:33 info: Database connection was successful
2022-09-09 18:50:33 info: =================================
2022-09-09 18:50:33 info: ======= ENV: development =======
2022-09-09 18:50:33 info: 🚀 App listening on the port 3000
2022-09-09 18:50:33 info: =================================
2022-09-09 18:50:52 info: Database connection was successful
2022-09-09 18:50:52 info: =================================
2022-09-09 18:50:52 info: ======= ENV: development =======
2022-09-09 18:50:52 info: 🚀 App listening on the port 3000
2022-09-09 18:50:52 info: =================================
2022-09-09 18:50:58 info: Database connection was successful
2022-09-09 18:50:58 info: =================================
2022-09-09 18:50:58 info: ======= ENV: development =======
2022-09-09 18:50:58 info: 🚀 App listening on the port 3000
2022-09-09 18:50:58 info: =================================
2022-09-09 18:51:11 info: Database connection was successful
2022-09-09 18:51:11 info: =================================
2022-09-09 18:51:11 info: ======= ENV: development =======
2022-09-09 18:51:11 info: 🚀 App listening on the port 3000
2022-09-09 18:51:11 info: =================================
2022-09-09 18:51:14 info: Database connection was successful
2022-09-09 18:51:14 info: =================================
2022-09-09 18:51:14 info: ======= ENV: development =======
2022-09-09 18:51:14 info: 🚀 App listening on the port 3000
2022-09-09 18:51:14 info: =================================
2022-09-09 18:51:17 info: Database connection was successful
2022-09-09 18:51:17 info: =================================
2022-09-09 18:51:17 info: ======= ENV: development =======
2022-09-09 18:51:17 info: 🚀 App listening on the port 3000
2022-09-09 18:51:17 info: =================================
2022-09-09 18:51:24 info: Database connection was successful
2022-09-09 18:51:24 info: =================================
2022-09-09 18:51:24 info: ======= ENV: development =======
2022-09-09 18:51:24 info: 🚀 App listening on the port 3000
2022-09-09 18:51:24 info: =================================
2022-09-09 18:51:43 info: Database connection was successful
2022-09-09 18:51:43 info: =================================
2022-09-09 18:51:43 info: ======= ENV: development =======
2022-09-09 18:51:43 info: 🚀 App listening on the port 3000
2022-09-09 18:51:43 info: =================================
2022-09-09 18:51:45 info: Database connection was successful
2022-09-09 18:51:45 info: =================================
2022-09-09 18:51:45 info: ======= ENV: development =======
2022-09-09 18:51:45 info: 🚀 App listening on the port 3000
2022-09-09 18:51:45 info: =================================
2022-09-09 18:51:52 info: Database connection was successful
2022-09-09 18:51:52 info: =================================
2022-09-09 18:51:52 info: ======= ENV: development =======
2022-09-09 18:51:52 info: 🚀 App listening on the port 3000
2022-09-09 18:51:52 info: =================================
2022-09-09 18:52:01 info: Database connection was successful
2022-09-09 18:52:01 info: =================================
2022-09-09 18:52:01 info: ======= ENV: development =======
2022-09-09 18:52:01 info: 🚀 App listening on the port 3000
2022-09-09 18:52:01 info: =================================
2022-09-09 18:52:21 info: Database connection was successful
2022-09-09 18:52:21 info: =================================
2022-09-09 18:52:21 info: ======= ENV: development =======
2022-09-09 18:52:21 info: 🚀 App listening on the port 3000
2022-09-09 18:52:21 info: =================================
2022-09-09 18:52:46 info: Database connection was successful
2022-09-09 18:52:47 info: =================================
2022-09-09 18:52:47 info: ======= ENV: development =======
2022-09-09 18:52:47 info: 🚀 App listening on the port 3000
2022-09-09 18:52:47 info: =================================
2022-09-09 19:08:29 info: Database connection was successful
2022-09-09 19:08:29 info: =================================
2022-09-09 19:08:29 info: ======= ENV: development =======
2022-09-09 19:08:29 info: 🚀 App listening on the port 3000
2022-09-09 19:08:29 info: =================================
2022-09-09 19:08:50 info: Database connection was successful
2022-09-09 19:08:50 info: =================================
2022-09-09 19:08:50 info: ======= ENV: development =======
2022-09-09 19:08:50 info: 🚀 App listening on the port 3000
2022-09-09 19:08:50 info: =================================
2022-09-09 19:19:38 info: Database connection was successful
2022-09-09 19:19:38 info: =================================
2022-09-09 19:19:38 info: ======= ENV: development =======
2022-09-09 19:19:38 info: 🚀 App listening on the port 3000
2022-09-09 19:19:38 info: =================================
2022-09-09 19:19:51 info: Database connection was successful
2022-09-09 19:19:51 info: =================================
2022-09-09 19:19:51 info: ======= ENV: development =======
2022-09-09 19:19:51 info: 🚀 App listening on the port 3000
2022-09-09 19:19:51 info: =================================
2022-09-09 19:19:56 info: Database connection was successful
2022-09-09 19:19:56 info: =================================
2022-09-09 19:19:56 info: ======= ENV: development =======
2022-09-09 19:19:56 info: 🚀 App listening on the port 3000
2022-09-09 19:19:56 info: =================================
2022-09-09 19:20:00 info: Database connection was successful
2022-09-09 19:20:00 info: =================================
2022-09-09 19:20:00 info: ======= ENV: development =======
2022-09-09 19:20:00 info: 🚀 App listening on the port 3000
2022-09-09 19:20:00 info: =================================
2022-09-09 19:20:59 info: Database connection was successful
2022-09-09 19:20:59 info: =================================
2022-09-09 19:20:59 info: ======= ENV: development =======
2022-09-09 19:20:59 info: 🚀 App listening on the port 3000
2022-09-09 19:20:59 info: =================================
2022-09-09 19:21:18 info: Database connection was successful
2022-09-09 19:21:18 info: =================================
2022-09-09 19:21:18 info: ======= ENV: development =======
2022-09-09 19:21:18 info: 🚀 App listening on the port 3000
2022-09-09 19:21:18 info: =================================
2022-09-09 19:21:28 info: Database connection was successful
2022-09-09 19:21:28 info: =================================
2022-09-09 19:21:28 info: ======= ENV: development =======
2022-09-09 19:21:28 info: 🚀 App listening on the port 3000
2022-09-09 19:21:28 info: =================================
2022-09-09 19:21:31 info: Database connection was successful
2022-09-09 19:21:31 info: =================================
2022-09-09 19:21:31 info: ======= ENV: development =======
2022-09-09 19:21:31 info: 🚀 App listening on the port 3000
2022-09-09 19:21:31 info: =================================
2022-09-09 19:21:34 info: Database connection was successful
2022-09-09 19:21:34 info: =================================
2022-09-09 19:21:34 info: ======= ENV: development =======
2022-09-09 19:21:34 info: 🚀 App listening on the port 3000
2022-09-09 19:21:34 info: =================================
2022-09-09 19:21:37 info: Database connection was successful
2022-09-09 19:21:37 info: =================================
2022-09-09 19:21:37 info: ======= ENV: development =======
2022-09-09 19:21:37 info: 🚀 App listening on the port 3000
2022-09-09 19:21:37 info: =================================
2022-09-09 19:21:47 info: Database connection was successful
2022-09-09 19:21:47 info: =================================
2022-09-09 19:21:47 info: ======= ENV: development =======
2022-09-09 19:21:47 info: 🚀 App listening on the port 3000
2022-09-09 19:21:47 info: =================================
2022-09-09 19:21:50 info: Database connection was successful
2022-09-09 19:21:50 info: =================================
2022-09-09 19:21:50 info: ======= ENV: development =======
2022-09-09 19:21:50 info: 🚀 App listening on the port 3000
2022-09-09 19:21:50 info: =================================
2022-09-09 19:21:54 info: Database connection was successful
2022-09-09 19:21:54 info: =================================
2022-09-09 19:21:54 info: ======= ENV: development =======
2022-09-09 19:21:54 info: 🚀 App listening on the port 3000
2022-09-09 19:21:54 info: =================================
2022-09-09 19:21:56 info: [0mGET /master/1 [32m200[0m 479.691 ms - -[0m
2022-09-09 19:22:14 info: [0mGET /master/3 [32m200[0m 394.373 ms - -[0m
2022-09-09 19:22:25 info: [0mGET /master/4 [32m200[0m 376.479 ms - -[0m
2022-09-09 19:34:33 info: Database connection was successful
2022-09-09 19:34:33 info: =================================
2022-09-09 19:34:33 info: ======= ENV: development =======
2022-09-09 19:34:33 info: 🚀 App listening on the port 3000
2022-09-09 19:34:33 info: =================================
2022-09-09 19:34:50 info: Database connection was successful
2022-09-09 19:34:50 info: =================================
2022-09-09 19:34:50 info: ======= ENV: development =======
2022-09-09 19:34:50 info: 🚀 App listening on the port 3000
2022-09-09 19:34:50 info: =================================
2022-09-09 19:34:56 info: Database connection was successful
2022-09-09 19:34:56 info: =================================
2022-09-09 19:34:56 info: ======= ENV: development =======
2022-09-09 19:34:56 info: 🚀 App listening on the port 3000
2022-09-09 19:34:56 info: =================================
2022-09-09 19:35:40 info: Database connection was successful
2022-09-09 19:35:40 info: =================================
2022-09-09 19:35:40 info: ======= ENV: development =======
2022-09-09 19:35:40 info: 🚀 App listening on the port 3000
2022-09-09 19:35:40 info: =================================
2022-09-09 19:35:42 info: [0mGET /master/4 [32m200[0m 472.521 ms - -[0m
2022-09-09 19:36:07 info: Database connection was successful
2022-09-09 19:36:07 info: =================================
2022-09-09 19:36:07 info: ======= ENV: development =======
2022-09-09 19:36:07 info: 🚀 App listening on the port 3000
2022-09-09 19:36:07 info: =================================
2022-09-09 19:36:16 info: Database connection was successful
2022-09-09 19:36:16 info: =================================
2022-09-09 19:36:16 info: ======= ENV: development =======
2022-09-09 19:36:16 info: 🚀 App listening on the port 3000
2022-09-09 19:36:16 info: =================================
2022-09-09 19:36:20 info: [0mGET /master/4 [32m200[0m 417.624 ms - -[0m
2022-09-09 19:36:27 info: [0mGET /master/2 [32m200[0m 464.304 ms - -[0m
2022-09-09 19:37:01 info: Database connection was successful
2022-09-09 19:37:01 info: =================================
2022-09-09 19:37:01 info: ======= ENV: development =======
2022-09-09 19:37:01 info: 🚀 App listening on the port 3000
2022-09-09 19:37:01 info: =================================
2022-09-09 19:37:12 info: Database connection was successful
2022-09-09 19:37:12 info: =================================
2022-09-09 19:37:12 info: ======= ENV: development =======
2022-09-09 19:37:12 info: 🚀 App listening on the port 3000
2022-09-09 19:37:12 info: =================================
2022-09-09 19:37:16 info: Database connection was successful
2022-09-09 19:37:16 info: =================================
2022-09-09 19:37:16 info: ======= ENV: development =======
2022-09-09 19:37:16 info: 🚀 App listening on the port 3000
2022-09-09 19:37:16 info: =================================
2022-09-09 19:37:24 info: Database connection was successful
2022-09-09 19:37:24 info: =================================
2022-09-09 19:37:24 info: ======= ENV: development =======
2022-09-09 19:37:24 info: 🚀 App listening on the port 3000
2022-09-09 19:37:24 info: =================================
2022-09-09 19:38:13 info: Database connection was successful
2022-09-09 19:38:13 info: =================================
2022-09-09 19:38:13 info: ======= ENV: development =======
2022-09-09 19:38:13 info: 🚀 App listening on the port 3000
2022-09-09 19:38:13 info: =================================
2022-09-09 19:38:16 info: Database connection was successful
2022-09-09 19:38:16 info: =================================
2022-09-09 19:38:16 info: ======= ENV: development =======
2022-09-09 19:38:16 info: 🚀 App listening on the port 3000
2022-09-09 19:38:16 info: =================================
2022-09-09 19:41:32 info: [0mGET /master/2 [0m-[0m - ms - -[0m
2022-09-09 19:42:57 info: Database connection was successful
2022-09-09 19:42:57 info: =================================
2022-09-09 19:42:57 info: ======= ENV: development =======
2022-09-09 19:42:57 info: 🚀 App listening on the port 3000
2022-09-09 19:42:57 info: =================================
2022-09-09 19:43:03 info: Database connection was successful
2022-09-09 19:43:03 info: =================================
2022-09-09 19:43:03 info: ======= ENV: development =======
2022-09-09 19:43:03 info: 🚀 App listening on the port 3000
2022-09-09 19:43:03 info: =================================
2022-09-09 19:43:09 info: Database connection was successful
2022-09-09 19:43:09 info: =================================
2022-09-09 19:43:09 info: ======= ENV: development =======
2022-09-09 19:43:09 info: 🚀 App listening on the port 3000
2022-09-09 19:43:09 info: =================================
2022-09-09 19:43:12 info: Database connection was successful
2022-09-09 19:43:12 info: =================================
2022-09-09 19:43:12 info: ======= ENV: development =======
2022-09-09 19:43:12 info: 🚀 App listening on the port 3000
2022-09-09 19:43:12 info: =================================
2022-09-09 19:43:40 info: Database connection was successful
2022-09-09 19:43:40 info: =================================
2022-09-09 19:43:40 info: ======= ENV: development =======
2022-09-09 19:43:40 info: 🚀 App listening on the port 3000
2022-09-09 19:43:40 info: =================================
2022-09-09 19:43:48 info: Database connection was successful
2022-09-09 19:43:48 info: =================================
2022-09-09 19:43:48 info: ======= ENV: development =======
2022-09-09 19:43:48 info: 🚀 App listening on the port 3000
2022-09-09 19:43:48 info: =================================
2022-09-09 19:43:51 info: Database connection was successful
2022-09-09 19:43:51 info: =================================
2022-09-09 19:43:51 info: ======= ENV: development =======
2022-09-09 19:43:51 info: 🚀 App listening on the port 3000
2022-09-09 19:43:51 info: =================================
2022-09-09 19:43:53 info: Database connection was successful
2022-09-09 19:43:53 info: =================================
2022-09-09 19:43:53 info: ======= ENV: development =======
2022-09-09 19:43:53 info: 🚀 App listening on the port 3000
2022-09-09 19:43:53 info: =================================
2022-09-09 19:44:59 info: Database connection was successful
2022-09-09 19:44:59 info: =================================
2022-09-09 19:44:59 info: ======= ENV: development =======
2022-09-09 19:44:59 info: 🚀 App listening on the port 3000
2022-09-09 19:44:59 info: =================================
2022-09-09 19:45:04 info: Database connection was successful
2022-09-09 19:45:04 info: =================================
2022-09-09 19:45:04 info: ======= ENV: development =======
2022-09-09 19:45:04 info: 🚀 App listening on the port 3000
2022-09-09 19:45:04 info: =================================
2022-09-09 19:45:08 info: Database connection was successful
2022-09-09 19:45:08 info: =================================
2022-09-09 19:45:08 info: ======= ENV: development =======
2022-09-09 19:45:08 info: 🚀 App listening on the port 3000
2022-09-09 19:45:08 info: =================================
2022-09-09 19:45:23 info: Database connection was successful
2022-09-09 19:45:23 info: =================================
2022-09-09 19:45:23 info: ======= ENV: development =======
2022-09-09 19:45:23 info: 🚀 App listening on the port 3000
2022-09-09 19:45:23 info: =================================
2022-09-09 19:45:27 info: Database connection was successful
2022-09-09 19:45:27 info: =================================
2022-09-09 19:45:27 info: ======= ENV: development =======
2022-09-09 19:45:27 info: 🚀 App listening on the port 3000
2022-09-09 19:45:27 info: =================================
2022-09-09 19:45:33 info: Database connection was successful
2022-09-09 19:45:33 info: =================================
2022-09-09 19:45:33 info: ======= ENV: development =======
2022-09-09 19:45:33 info: 🚀 App listening on the port 3000
2022-09-09 19:45:33 info: =================================
2022-09-09 19:45:35 info: Database connection was successful
2022-09-09 19:45:35 info: =================================
2022-09-09 19:45:35 info: ======= ENV: development =======
2022-09-09 19:45:35 info: 🚀 App listening on the port 3000
2022-09-09 19:45:35 info: =================================
2022-09-09 19:45:44 info: Database connection was successful
2022-09-09 19:45:44 info: =================================
2022-09-09 19:45:44 info: ======= ENV: development =======
2022-09-09 19:45:44 info: 🚀 App listening on the port 3000
2022-09-09 19:45:44 info: =================================
2022-09-09 19:45:46 info: Database connection was successful
2022-09-09 19:45:46 info: =================================
2022-09-09 19:45:46 info: ======= ENV: development =======
2022-09-09 19:45:46 info: 🚀 App listening on the port 3000
2022-09-09 19:45:46 info: =================================
2022-09-09 19:45:52 info: Database connection was successful
2022-09-09 19:45:52 info: =================================
2022-09-09 19:45:52 info: ======= ENV: development =======
2022-09-09 19:45:52 info: 🚀 App listening on the port 3000
2022-09-09 19:45:52 info: =================================
2022-09-09 19:46:15 info: Database connection was successful
2022-09-09 19:46:15 info: =================================
2022-09-09 19:46:15 info: ======= ENV: development =======
2022-09-09 19:46:15 info: 🚀 App listening on the port 3000
2022-09-09 19:46:15 info: =================================
2022-09-09 19:46:19 info: Database connection was successful
2022-09-09 19:46:19 info: =================================
2022-09-09 19:46:19 info: ======= ENV: development =======
2022-09-09 19:46:19 info: 🚀 App listening on the port 3000
2022-09-09 19:46:19 info: =================================
2022-09-09 19:46:25 info: Database connection was successful
2022-09-09 19:46:25 info: =================================
2022-09-09 19:46:25 info: ======= ENV: development =======
2022-09-09 19:46:25 info: 🚀 App listening on the port 3000
2022-09-09 19:46:25 info: =================================
2022-09-09 19:46:35 info: Database connection was successful
2022-09-09 19:46:35 info: =================================
2022-09-09 19:46:35 info: ======= ENV: development =======
2022-09-09 19:46:35 info: 🚀 App listening on the port 3000
2022-09-09 19:46:35 info: =================================
2022-09-09 19:46:38 info: Database connection was successful
2022-09-09 19:46:38 info: =================================
2022-09-09 19:46:38 info: ======= ENV: development =======
2022-09-09 19:46:38 info: 🚀 App listening on the port 3000
2022-09-09 19:46:38 info: =================================
2022-09-09 19:46:42 info: Database connection was successful
2022-09-09 19:46:42 info: =================================
2022-09-09 19:46:42 info: ======= ENV: development =======
2022-09-09 19:46:42 info: 🚀 App listening on the port 3000
2022-09-09 19:46:42 info: =================================
2022-09-09 19:46:46 info: Database connection was successful
2022-09-09 19:46:46 info: =================================
2022-09-09 19:46:46 info: ======= ENV: development =======
2022-09-09 19:46:46 info: 🚀 App listening on the port 3000
2022-09-09 19:46:46 info: =================================
2022-09-09 19:47:13 info: Database connection was successful
2022-09-09 19:47:13 info: =================================
2022-09-09 19:47:13 info: ======= ENV: development =======
2022-09-09 19:47:13 info: 🚀 App listening on the port 3000
2022-09-09 19:47:13 info: =================================
2022-09-09 19:47:28 info: Database connection was successful
2022-09-09 19:47:28 info: =================================
2022-09-09 19:47:28 info: ======= ENV: development =======
2022-09-09 19:47:28 info: 🚀 App listening on the port 3000
2022-09-09 19:47:28 info: =================================
2022-09-09 19:47:31 info: [0mGET /master/2 [31m500[0m 414.740 ms - 45[0m
2022-09-09 19:49:36 info: Database connection was successful
2022-09-09 19:49:36 info: =================================
2022-09-09 19:49:36 info: ======= ENV: development =======
2022-09-09 19:49:36 info: 🚀 App listening on the port 3000
2022-09-09 19:49:36 info: =================================
2022-09-09 19:49:40 info: Database connection was successful
2022-09-09 19:49:40 info: =================================
2022-09-09 19:49:40 info: ======= ENV: development =======
2022-09-09 19:49:40 info: 🚀 App listening on the port 3000
2022-09-09 19:49:40 info: =================================
2022-09-09 19:49:44 info: Database connection was successful
2022-09-09 19:49:44 info: =================================
2022-09-09 19:49:44 info: ======= ENV: development =======
2022-09-09 19:49:44 info: 🚀 App listening on the port 3000
2022-09-09 19:49:44 info: =================================
2022-09-09 19:49:51 info: Database connection was successful
2022-09-09 19:49:51 info: =================================
2022-09-09 19:49:51 info: ======= ENV: development =======
2022-09-09 19:49:51 info: 🚀 App listening on the port 3000
2022-09-09 19:49:51 info: =================================
2022-09-09 19:50:04 info: Database connection was successful
2022-09-09 19:50:04 info: =================================
2022-09-09 19:50:04 info: ======= ENV: development =======
2022-09-09 19:50:04 info: 🚀 App listening on the port 3000
2022-09-09 19:50:04 info: =================================
2022-09-09 19:50:13 info: Database connection was successful
2022-09-09 19:50:13 info: =================================
2022-09-09 19:50:13 info: ======= ENV: development =======
2022-09-09 19:50:13 info: 🚀 App listening on the port 3000
2022-09-09 19:50:13 info: =================================
2022-09-09 19:50:16 info: Database connection was successful
2022-09-09 19:50:16 info: =================================
2022-09-09 19:50:16 info: ======= ENV: development =======
2022-09-09 19:50:16 info: 🚀 App listening on the port 3000
2022-09-09 19:50:16 info: =================================
2022-09-09 19:50:27 info: Database connection was successful
2022-09-09 19:50:27 info: =================================
2022-09-09 19:50:27 info: ======= ENV: development =======
2022-09-09 19:50:27 info: 🚀 App listening on the port 3000
2022-09-09 19:50:27 info: =================================
2022-09-09 19:50:38 info: Database connection was successful
2022-09-09 19:50:38 info: =================================
2022-09-09 19:50:38 info: ======= ENV: development =======
2022-09-09 19:50:38 info: 🚀 App listening on the port 3000
2022-09-09 19:50:38 info: =================================
2022-09-09 19:50:54 info: Database connection was successful
2022-09-09 19:50:54 info: =================================
2022-09-09 19:50:54 info: ======= ENV: development =======
2022-09-09 19:50:54 info: 🚀 App listening on the port 3000
2022-09-09 19:50:54 info: =================================
2022-09-09 19:51:02 info: Database connection was successful
2022-09-09 19:51:02 info: =================================
2022-09-09 19:51:02 info: ======= ENV: development =======
2022-09-09 19:51:02 info: 🚀 App listening on the port 3000
2022-09-09 19:51:02 info: =================================
2022-09-09 19:51:26 info: Database connection was successful
2022-09-09 19:51:26 info: =================================
2022-09-09 19:51:26 info: ======= ENV: development =======
2022-09-09 19:51:26 info: 🚀 App listening on the port 3000
2022-09-09 19:51:26 info: =================================
2022-09-09 19:51:34 info: Database connection was successful
2022-09-09 19:51:34 info: =================================
2022-09-09 19:51:34 info: ======= ENV: development =======
2022-09-09 19:51:34 info: 🚀 App listening on the port 3000
2022-09-09 19:51:34 info: =================================
2022-09-09 19:51:36 info: [0mGET /master/2 [31m500[0m 478.203 ms - 45[0m
2022-09-09 19:51:58 info: Database connection was successful
2022-09-09 19:51:58 info: =================================
2022-09-09 19:51:58 info: ======= ENV: development =======
2022-09-09 19:51:58 info: 🚀 App listening on the port 3000
2022-09-09 19:51:58 info: =================================
2022-09-09 19:51:59 info: [0mGET /master/2 [32m200[0m 499.311 ms - -[0m
2022-09-09 20:05:04 info: [0mGET /episodes/629dc5be27e4c91fa05ef15b [33m404[0m 2.200 ms - 172[0m
2022-09-09 20:18:08 info: Database connection was successful
2022-09-09 20:18:08 info: =================================
2022-09-09 20:18:08 info: ======= ENV: development =======
2022-09-09 20:18:08 info: 🚀 App listening on the port 3000
2022-09-09 20:18:08 info: =================================
2022-09-09 20:27:35 info: Database connection was successful
2022-09-09 20:27:35 info: =================================
2022-09-09 20:27:35 info: ======= ENV: development =======
2022-09-09 20:27:35 info: 🚀 App listening on the port 3000
2022-09-09 20:27:35 info: =================================
2022-09-09 20:28:01 info: Database connection was successful
2022-09-09 20:28:01 info: =================================
2022-09-09 20:28:01 info: ======= ENV: development =======
2022-09-09 20:28:01 info: 🚀 App listening on the port 3000
2022-09-09 20:28:01 info: =================================
2022-09-09 20:28:03 info: Database connection was successful
2022-09-09 20:28:03 info: =================================
2022-09-09 20:28:03 info: ======= ENV: development =======
2022-09-09 20:28:03 info: 🚀 App listening on the port 3000
2022-09-09 20:28:03 info: =================================
2022-09-09 20:28:09 info: Database connection was successful
2022-09-09 20:28:10 info: =================================
2022-09-09 20:28:10 info: ======= ENV: development =======
2022-09-09 20:28:10 info: 🚀 App listening on the port 3000
2022-09-09 20:28:10 info: =================================
2022-09-09 20:29:03 info: Database connection was successful
2022-09-09 20:29:03 info: =================================
2022-09-09 20:29:03 info: ======= ENV: development =======
2022-09-09 20:29:03 info: 🚀 App listening on the port 3000
2022-09-09 20:29:03 info: =================================
2022-09-09 20:29:07 info: Database connection was successful
2022-09-09 20:29:07 info: =================================
2022-09-09 20:29:07 info: ======= ENV: development =======
2022-09-09 20:29:07 info: 🚀 App listening on the port 3000
2022-09-09 20:29:07 info: =================================
2022-09-09 20:46:47 info: Database connection was successful
2022-09-09 20:46:47 info: =================================
2022-09-09 20:46:47 info: ======= ENV: development =======
2022-09-09 20:46:47 info: 🚀 App listening on the port 3000
2022-09-09 20:46:47 info: =================================
2022-09-09 20:47:01 info: Database connection was successful
2022-09-09 20:47:01 info: =================================
2022-09-09 20:47:01 info: ======= ENV: development =======
2022-09-09 20:47:01 info: 🚀 App listening on the port 3000
2022-09-09 20:47:01 info: =================================
2022-09-09 20:47:08 info: Database connection was successful
2022-09-09 20:47:08 info: =================================
2022-09-09 20:47:08 info: ======= ENV: development =======
2022-09-09 20:47:08 info: 🚀 App listening on the port 3000
2022-09-09 20:47:08 info: =================================
2022-09-09 20:47:12 info: Database connection was successful
2022-09-09 20:47:12 info: =================================
2022-09-09 20:47:12 info: ======= ENV: development =======
2022-09-09 20:47:12 info: 🚀 App listening on the port 3000
2022-09-09 20:47:12 info: =================================
2022-09-09 20:47:15 info: Database connection was successful
2022-09-09 20:47:16 info: =================================
2022-09-09 20:47:16 info: ======= ENV: development =======
2022-09-09 20:47:16 info: 🚀 App listening on the port 3000
2022-09-09 20:47:16 info: =================================
2022-09-09 20:47:18 info: [0mGET /episodes/629dc5be27e4c91fa05ef15b [33m404[0m 5.830 ms - 172[0m
2022-09-09 20:47:23 info: [0mGET /master/2 [32m200[0m 481.416 ms - -[0m
2022-09-09 21:39:01 info: Database connection was successful
2022-09-09 21:39:01 info: =================================
2022-09-09 21:39:01 info: ======= ENV: development =======
2022-09-09 21:39:01 info: 🚀 App listening on the port 3000
2022-09-09 21:39:01 info: =================================
2022-09-09 21:39:08 info: Database connection was successful
2022-09-09 21:39:08 info: =================================
2022-09-09 21:39:08 info: ======= ENV: development =======
2022-09-09 21:39:08 info: 🚀 App listening on the port 3000
2022-09-09 21:39:08 info: =================================
2022-09-09 21:39:11 info: [0mGET /master/2 [31m500[0m 747.645 ms - 45[0m
2022-09-09 21:58:41 info: [0mGET /master/2 [31m500[0m 445.849 ms - 45[0m
2022-09-09 21:58:57 info: Database connection was successful
2022-09-09 21:58:57 info: =================================
2022-09-09 21:58:57 info: ======= ENV: development =======
2022-09-09 21:58:57 info: 🚀 App listening on the port 3000
2022-09-09 21:58:57 info: =================================
2022-09-09 21:58:59 info: [0mGET /master/2 [32m200[0m 459.829 ms - -[0m
2022-09-09 22:05:50 info: Database connection was successful
2022-09-09 22:05:50 info: =================================
2022-09-09 22:05:50 info: ======= ENV: development =======
2022-09-09 22:05:50 info: 🚀 App listening on the port 3000
2022-09-09 22:05:50 info: =================================
2022-09-09 22:05:50 info: [0mGET /master/2 [32m200[0m 517.876 ms - -[0m
2022-09-09 23:28:44 info: Database connection was successful
2022-09-09 23:28:44 info: =================================
2022-09-09 23:28:44 info: ======= ENV: development =======
2022-09-09 23:28:44 info: 🚀 App listening on the port 3000
2022-09-09 23:28:44 info: =================================
2022-09-09 23:28:47 info: Database connection was successful
2022-09-09 23:28:47 info: =================================
2022-09-09 23:28:47 info: ======= ENV: development =======
2022-09-09 23:28:47 info: 🚀 App listening on the port 3000
2022-09-09 23:28:47 info: =================================
2022-09-09 23:28:51 info: Database connection was successful
2022-09-09 23:28:51 info: =================================
2022-09-09 23:28:51 info: ======= ENV: development =======
2022-09-09 23:28:51 info: 🚀 App listening on the port 3000
2022-09-09 23:28:51 info: =================================
2022-09-09 23:28:55 info: Database connection was successful
2022-09-09 23:28:55 info: =================================
2022-09-09 23:28:55 info: ======= ENV: development =======
2022-09-09 23:28:55 info: 🚀 App listening on the port 3000
2022-09-09 23:28:55 info: =================================
2022-09-09 23:28:58 info: Database connection was successful
2022-09-09 23:28:58 info: =================================
2022-09-09 23:28:58 info: ======= ENV: development =======
2022-09-09 23:28:58 info: 🚀 App listening on the port 3000
2022-09-09 23:28:58 info: =================================
2022-09-09 23:29:01 info: Database connection was successful
2022-09-09 23:29:01 info: =================================
2022-09-09 23:29:01 info: ======= ENV: development =======
2022-09-09 23:29:01 info: 🚀 App listening on the port 3000
2022-09-09 23:29:01 info: =================================
2022-09-09 23:29:04 info: [0mGET /master/2 [32m200[0m 499.620 ms - -[0m
2022-09-09 23:32:20 info: Database connection was successful
2022-09-09 23:32:20 info: =================================
2022-09-09 23:32:20 info: ======= ENV: development =======
2022-09-09 23:32:20 info: 🚀 App listening on the port 3000
2022-09-09 23:32:20 info: =================================
2022-09-09 23:32:55 info: Database connection was successful
2022-09-09 23:32:55 info: =================================
2022-09-09 23:32:55 info: ======= ENV: development =======
2022-09-09 23:32:55 info: 🚀 App listening on the port 3000
2022-09-09 23:32:55 info: =================================
2022-09-09 23:33:00 info: Database connection was successful
2022-09-09 23:33:00 info: =================================
2022-09-09 23:33:00 info: ======= ENV: development =======
2022-09-09 23:33:00 info: 🚀 App listening on the port 3000
2022-09-09 23:33:00 info: =================================
2022-09-09 23:33:07 info: Database connection was successful
2022-09-09 23:33:07 info: =================================
2022-09-09 23:33:07 info: ======= ENV: development =======
2022-09-09 23:33:07 info: 🚀 App listening on the port 3000
2022-09-09 23:33:07 info: =================================
2022-09-09 23:33:15 info: Database connection was successful
2022-09-09 23:33:15 info: =================================
2022-09-09 23:33:15 info: ======= ENV: development =======
2022-09-09 23:33:15 info: 🚀 App listening on the port 3000
2022-09-09 23:33:15 info: =================================
2022-09-09 23:33:34 info: Database connection was successful
2022-09-09 23:33:34 info: =================================
2022-09-09 23:33:34 info: ======= ENV: development =======
2022-09-09 23:33:34 info: 🚀 App listening on the port 3000
2022-09-09 23:33:34 info: =================================
2022-09-09 23:33:55 info: Database connection was successful
2022-09-09 23:33:55 info: =================================
2022-09-09 23:33:55 info: ======= ENV: development =======
2022-09-09 23:33:55 info: 🚀 App listening on the port 3000
2022-09-09 23:33:55 info: =================================
2022-09-09 23:34:02 info: Database connection was successful
2022-09-09 23:34:02 info: =================================
2022-09-09 23:34:02 info: ======= ENV: development =======
2022-09-09 23:34:02 info: 🚀 App listening on the port 3000
2022-09-09 23:34:02 info: =================================
2022-09-09 23:34:20 info: Database connection was successful
2022-09-09 23:34:20 info: =================================
2022-09-09 23:34:20 info: ======= ENV: development =======
2022-09-09 23:34:20 info: 🚀 App listening on the port 3000
2022-09-09 23:34:20 info: =================================
2022-09-09 23:35:23 info: Database connection was successful
2022-09-09 23:35:23 info: =================================
2022-09-09 23:35:23 info: ======= ENV: development =======
2022-09-09 23:35:23 info: 🚀 App listening on the port 3000
2022-09-09 23:35:23 info: =================================
2022-09-09 23:35:29 info: Database connection was successful
2022-09-09 23:35:29 info: =================================
2022-09-09 23:35:29 info: ======= ENV: development =======
2022-09-09 23:35:29 info: 🚀 App listening on the port 3000
2022-09-09 23:35:29 info: =================================
2022-09-09 23:35:42 info: Database connection was successful
2022-09-09 23:35:42 info: =================================
2022-09-09 23:35:42 info: ======= ENV: development =======
2022-09-09 23:35:42 info: 🚀 App listening on the port 3000
2022-09-09 23:35:42 info: =================================
2022-09-09 23:35:45 info: Database connection was successful
2022-09-09 23:35:45 info: =================================
2022-09-09 23:35:45 info: ======= ENV: development =======
2022-09-09 23:35:45 info: 🚀 App listening on the port 3000
2022-09-09 23:35:45 info: =================================
2022-09-09 23:35:52 info: Database connection was successful
2022-09-09 23:35:52 info: =================================
2022-09-09 23:35:52 info: ======= ENV: development =======
2022-09-09 23:35:52 info: 🚀 App listening on the port 3000
2022-09-09 23:35:52 info: =================================
2022-09-09 23:35:56 info: Database connection was successful
2022-09-09 23:35:56 info: =================================
2022-09-09 23:35:56 info: ======= ENV: development =======
2022-09-09 23:35:56 info: 🚀 App listening on the port 3000
2022-09-09 23:35:56 info: =================================
2022-09-09 23:36:00 info: [0mGET /master/2 [31m500[0m 478.472 ms - 45[0m
2022-09-09 23:36:14 info: Database connection was successful
2022-09-09 23:36:14 info: =================================
2022-09-09 23:36:14 info: ======= ENV: development =======
2022-09-09 23:36:14 info: 🚀 App listening on the port 3000
2022-09-09 23:36:14 info: =================================
2022-09-09 23:36:21 info: Database connection was successful
2022-09-09 23:36:22 info: =================================
2022-09-09 23:36:22 info: ======= ENV: development =======
2022-09-09 23:36:22 info: 🚀 App listening on the port 3000
2022-09-09 23:36:22 info: =================================
2022-09-09 23:36:26 info: [0mGET /master/2 [31m500[0m 461.765 ms - 45[0m
2022-09-09 23:36:40 info: Database connection was successful
2022-09-09 23:36:40 info: =================================
2022-09-09 23:36:40 info: ======= ENV: development =======
2022-09-09 23:36:40 info: 🚀 App listening on the port 3000
2022-09-09 23:36:40 info: =================================
2022-09-09 23:36:53 info: Database connection was successful
2022-09-09 23:36:53 info: =================================
2022-09-09 23:36:53 info: ======= ENV: development =======
2022-09-09 23:36:53 info: 🚀 App listening on the port 3000
2022-09-09 23:36:53 info: =================================
2022-09-09 23:37:00 info: Database connection was successful
2022-09-09 23:37:00 info: =================================
2022-09-09 23:37:00 info: ======= ENV: development =======
2022-09-09 23:37:00 info: 🚀 App listening on the port 3000
2022-09-09 23:37:00 info: =================================
2022-09-09 23:37:02 info: Database connection was successful
2022-09-09 23:37:02 info: =================================
2022-09-09 23:37:02 info: ======= ENV: development =======
2022-09-09 23:37:02 info: 🚀 App listening on the port 3000
2022-09-09 23:37:02 info: =================================
2022-09-09 23:37:24 info: Database connection was successful
2022-09-09 23:37:24 info: =================================
2022-09-09 23:37:24 info: ======= ENV: development =======
2022-09-09 23:37:24 info: 🚀 App listening on the port 3000
2022-09-09 23:37:24 info: =================================
2022-09-09 23:37:33 info: Database connection was successful
2022-09-09 23:37:33 info: =================================
2022-09-09 23:37:33 info: ======= ENV: development =======
2022-09-09 23:37:33 info: 🚀 App listening on the port 3000
2022-09-09 23:37:33 info: =================================
2022-09-09 23:37:39 info: Database connection was successful
2022-09-09 23:37:39 info: =================================
2022-09-09 23:37:39 info: ======= ENV: development =======
2022-09-09 23:37:39 info: 🚀 App listening on the port 3000
2022-09-09 23:37:39 info: =================================
2022-09-09 23:37:50 info: Database connection was successful
2022-09-09 23:37:50 info: =================================
2022-09-09 23:37:50 info: ======= ENV: development =======
2022-09-09 23:37:50 info: 🚀 App listening on the port 3000
2022-09-09 23:37:50 info: =================================
2022-09-09 23:38:25 info: Database connection was successful
2022-09-09 23:38:25 info: =================================
2022-09-09 23:38:25 info: ======= ENV: development =======
2022-09-09 23:38:25 info: 🚀 App listening on the port 3000
2022-09-09 23:38:25 info: =================================
2022-09-09 23:38:36 info: Database connection was successful
2022-09-09 23:38:36 info: =================================
2022-09-09 23:38:36 info: ======= ENV: development =======
2022-09-09 23:38:36 info: 🚀 App listening on the port 3000
2022-09-09 23:38:36 info: =================================
2022-09-09 23:42:27 info: Database connection was successful
2022-09-09 23:42:27 info: =================================
2022-09-09 23:42:27 info: ======= ENV: development =======
2022-09-09 23:42:27 info: 🚀 App listening on the port 3000
2022-09-09 23:42:27 info: =================================
2022-09-09 23:56:11 info: [0mGET /master/2 [32m200[0m 501.178 ms - -[0m
2022-09-09 23:56:19 info: [0mGET /master/1 [32m200[0m 414.352 ms - -[0m
2022-09-09 23:57:21 info: Database connection was successful
2022-09-09 23:57:21 info: =================================
2022-09-09 23:57:21 info: ======= ENV: development =======
2022-09-09 23:57:21 info: 🚀 App listening on the port 3000
2022-09-09 23:57:21 info: =================================
2022-09-09 23:57:57 info: Database connection was successful
2022-09-09 23:57:57 info: =================================
2022-09-09 23:57:57 info: ======= ENV: development =======
2022-09-09 23:57:57 info: 🚀 App listening on the port 3000
2022-09-09 23:57:57 info: =================================
2022-09-09 23:58:01 info: Database connection was successful
2022-09-09 23:58:01 info: =================================
2022-09-09 23:58:01 info: ======= ENV: development =======
2022-09-09 23:58:01 info: 🚀 App listening on the port 3000
2022-09-09 23:58:01 info: =================================
2022-09-09 23:58:08 info: Database connection was successful
2022-09-09 23:58:08 info: =================================
2022-09-09 23:58:08 info: ======= ENV: development =======
2022-09-09 23:58:08 info: 🚀 App listening on the port 3000
2022-09-09 23:58:08 info: =================================
2022-09-09 23:58:16 info: Database connection was successful
2022-09-09 23:58:16 info: =================================
2022-09-09 23:58:16 info: ======= ENV: development =======
2022-09-09 23:58:16 info: 🚀 App listening on the port 3000
2022-09-09 23:58:16 info: =================================
2022-09-09 23:58:20 info: Database connection was successful
2022-09-09 23:58:20 info: =================================
2022-09-09 23:58:20 info: ======= ENV: development =======
2022-09-09 23:58:20 info: 🚀 App listening on the port 3000
2022-09-09 23:58:20 info: =================================
2022-09-09 23:58:25 info: Database connection was successful
2022-09-09 23:58:25 info: =================================
2022-09-09 23:58:25 info: ======= ENV: development =======
2022-09-09 23:58:25 info: 🚀 App listening on the port 3000
2022-09-09 23:58:25 info: =================================
2022-09-09 23:58:27 info: [0mGET /master/1 [31m500[0m 493.767 ms - 45[0m
2022-09-09 23:59:03 info: Database connection was successful
2022-09-09 23:59:03 info: =================================
2022-09-09 23:59:03 info: ======= ENV: development =======
2022-09-09 23:59:03 info: 🚀 App listening on the port 3000
2022-09-09 23:59:03 info: =================================
2022-09-09 23:59:13 info: Database connection was successful
2022-09-09 23:59:13 info: =================================
2022-09-09 23:59:13 info: ======= ENV: development =======
2022-09-09 23:59:13 info: 🚀 App listening on the port 3000
2022-09-09 23:59:13 info: =================================
2022-09-09 23:59:16 info: Database connection was successful
2022-09-09 23:59:16 info: =================================
2022-09-09 23:59:16 info: ======= ENV: development =======
2022-09-09 23:59:16 info: 🚀 App listening on the port 3000
2022-09-09 23:59:16 info: =================================
2022-09-09 23:59:31 info: Database connection was successful
2022-09-09 23:59:31 info: =================================
2022-09-09 23:59:31 info: ======= ENV: development =======
2022-09-09 23:59:31 info: 🚀 App listening on the port 3000
2022-09-09 23:59:31 info: =================================
2022-09-09 23:59:49 info: Database connection was successful
2022-09-09 23:59:49 info: =================================
2022-09-09 23:59:49 info: ======= ENV: development =======
2022-09-09 23:59:49 info: 🚀 App listening on the port 3000
2022-09-09 23:59:49 info: =================================
2022-09-09 23:59:52 info: Database connection was successful
2022-09-09 23:59:52 info: =================================
2022-09-09 23:59:52 info: ======= ENV: development =======
2022-09-09 23:59:52 info: 🚀 App listening on the port 3000
2022-09-09 23:59:52 info: =================================
2022-09-09 23:59:55 info: Database connection was successful
2022-09-09 23:59:55 info: =================================
2022-09-09 23:59:55 info: ======= ENV: development =======
2022-09-09 23:59:55 info: 🚀 App listening on the port 3000
2022-09-09 23:59:55 info: =================================
>>>>>>> b5f09fabbc278c4cb7eb5b35da7bf36790a5cde8
