2022-09-08 13:19:35 info: =================================
2022-09-08 13:19:35 info: ======= ENV: development =======
2022-09-08 13:19:35 info: 🚀 App listening on the port 3000
2022-09-08 13:19:35 info: =================================
2022-09-08 13:19:41 info: [0mGET /user [33m404[0m 7.736 ms - 143[0m
2022-09-08 13:19:55 info: [0mGET /user [33m404[0m 1.732 ms - 143[0m
2022-09-08 13:19:59 info: [0mGET / [32m200[0m 2.804 ms - 2[0m
2022-09-08 13:19:59 info: [0mGET /favicon.ico [33m404[0m 1.114 ms - 150[0m
2022-09-08 14:41:34 info: =================================
2022-09-08 14:41:34 info: ======= ENV: development =======
2022-09-08 14:41:34 info: 🚀 App listening on the port 3000
2022-09-08 14:41:34 info: =================================
2022-09-08 14:42:01 info: [0mGET / [36m304[0m 7.339 ms - -[0m
2022-09-08 14:42:44 info: [0mGET /user [33m404[0m 5.824 ms - 143[0m
2022-09-08 15:05:14 info: =================================
2022-09-08 15:05:14 info: ======= ENV: development =======
2022-09-08 15:05:14 info: 🚀 App listening on the port 3000
2022-09-08 15:05:14 info: =================================
2022-09-08 15:05:20 info: =================================
2022-09-08 15:05:20 info: ======= ENV: development =======
2022-09-08 15:05:20 info: 🚀 App listening on the port 3000
2022-09-08 15:05:20 info: =================================
2022-09-08 19:43:58 info: =================================
2022-09-08 19:43:58 info: ======= ENV: development =======
2022-09-08 19:43:58 info: 🚀 App listening on the port 3000
2022-09-08 19:43:58 info: =================================
2022-09-08 19:44:23 info: [0mGET / [32m200[0m 4.294 ms - 2[0m
2022-09-08 19:44:40 info: =================================
2022-09-08 19:44:40 info: ======= ENV: development =======
2022-09-08 19:44:40 info: 🚀 App listening on the port 3000
2022-09-08 19:44:40 info: =================================
2022-09-08 19:44:43 info: [0mGET / [36m304[0m 4.985 ms - -[0m
2022-09-08 19:46:12 info: =================================
2022-09-08 19:46:12 info: ======= ENV: development =======
2022-09-08 19:46:12 info: 🚀 App listening on the port 3000
2022-09-08 19:46:12 info: =================================
2022-09-08 19:46:12 info: [0mGET / [32m200[0m 3.798 ms - 2[0m
2022-09-08 19:46:16 info: [0mGET / [32m200[0m 0.520 ms - 2[0m
2022-09-08 19:46:30 info: =================================
2022-09-08 19:46:30 info: ======= ENV: development =======
2022-09-08 19:46:30 info: 🚀 App listening on the port 3000
2022-09-08 19:46:30 info: =================================
2022-09-08 19:46:39 info: [0mGET / [32m200[0m 3.411 ms - 2[0m
2022-09-08 19:46:41 info: [0mGET / [32m200[0m 0.507 ms - 2[0m
2022-09-08 19:46:58 info: =================================
2022-09-08 19:46:58 info: ======= ENV: development =======
2022-09-08 19:46:58 info: 🚀 App listening on the port 3000
2022-09-08 19:46:58 info: =================================
2022-09-08 19:47:00 info: [0mGET / [32m200[0m 5.167 ms - 2[0m
2022-09-08 19:47:01 info: [0mGET / [32m200[0m 0.562 ms - 2[0m
2022-09-08 19:48:02 info: =================================
2022-09-08 19:48:02 info: ======= ENV: development =======
2022-09-08 19:48:02 info: 🚀 App listening on the port 3000
2022-09-08 19:48:02 info: =================================
2022-09-08 19:48:04 info: [0mGET / [32m200[0m 3.900 ms - 2[0m
2022-09-08 19:48:04 info: [0mGET / [32m200[0m 1.905 ms - 2[0m
2022-09-08 19:48:05 info: [0mGET / [32m200[0m 0.346 ms - 2[0m
2022-09-08 19:48:06 info: [0mGET / [32m200[0m 0.458 ms - 2[0m
2022-09-08 19:48:49 info: =================================
2022-09-08 19:48:49 info: ======= ENV: development =======
2022-09-08 19:48:49 info: 🚀 App listening on the port 3000
2022-09-08 19:48:49 info: =================================
2022-09-08 19:49:03 info: =================================
2022-09-08 19:49:03 info: ======= ENV: development =======
2022-09-08 19:49:03 info: 🚀 App listening on the port 3000
2022-09-08 19:49:03 info: =================================
2022-09-08 19:49:07 info: [0mGET / [32m200[0m 3.498 ms - 2[0m
2022-09-08 19:49:16 info: =================================
2022-09-08 19:49:16 info: ======= ENV: development =======
2022-09-08 19:49:16 info: 🚀 App listening on the port 3000
2022-09-08 19:49:16 info: =================================
2022-09-08 19:49:31 info: =================================
2022-09-08 19:49:31 info: ======= ENV: development =======
2022-09-08 19:49:31 info: 🚀 App listening on the port 3000
2022-09-08 19:49:31 info: =================================
2022-09-08 19:49:34 info: =================================
2022-09-08 19:49:34 info: ======= ENV: development =======
2022-09-08 19:49:34 info: 🚀 App listening on the port 3000
2022-09-08 19:49:34 info: =================================
2022-09-08 19:50:10 info: =================================
2022-09-08 19:50:10 info: ======= ENV: development =======
2022-09-08 19:50:10 info: 🚀 App listening on the port 3000
2022-09-08 19:50:10 info: =================================
2022-09-08 19:50:15 info: =================================
2022-09-08 19:50:15 info: ======= ENV: development =======
2022-09-08 19:50:15 info: 🚀 App listening on the port 3000
2022-09-08 19:50:15 info: =================================
2022-09-08 19:50:37 info: Database connection was successful
2022-09-08 19:50:37 info: =================================
2022-09-08 19:50:37 info: ======= ENV: development =======
2022-09-08 19:50:37 info: 🚀 App listening on the port 3000
2022-09-08 19:50:37 info: =================================
2022-09-08 19:50:41 info: Database connection was successful
2022-09-08 19:50:41 info: =================================
2022-09-08 19:50:41 info: ======= ENV: development =======
2022-09-08 19:50:41 info: 🚀 App listening on the port 3000
2022-09-08 19:50:41 info: =================================
2022-09-08 19:50:45 info: Database connection was successful
2022-09-08 19:50:45 info: =================================
2022-09-08 19:50:45 info: ======= ENV: development =======
2022-09-08 19:50:45 info: 🚀 App listening on the port 3000
2022-09-08 19:50:45 info: =================================
2022-09-08 19:50:49 info: Database connection was successful
2022-09-08 19:50:49 info: =================================
2022-09-08 19:50:49 info: ======= ENV: development =======
2022-09-08 19:50:49 info: 🚀 App listening on the port 3000
2022-09-08 19:50:49 info: =================================
2022-09-08 19:50:54 info: Database connection was successful
2022-09-08 19:50:54 info: =================================
2022-09-08 19:50:54 info: ======= ENV: development =======
2022-09-08 19:50:54 info: 🚀 App listening on the port 3000
2022-09-08 19:50:54 info: =================================
2022-09-08 19:50:58 info: Database connection was successful
2022-09-08 19:50:58 info: =================================
2022-09-08 19:50:58 info: ======= ENV: development =======
2022-09-08 19:50:58 info: 🚀 App listening on the port 3000
2022-09-08 19:50:58 info: =================================
2022-09-08 19:51:02 info: Database connection was successful
2022-09-08 19:51:02 info: =================================
2022-09-08 19:51:02 info: ======= ENV: development =======
2022-09-08 19:51:02 info: 🚀 App listening on the port 3000
2022-09-08 19:51:02 info: =================================
2022-09-08 19:51:06 info: [0mGET / [32m200[0m 3.522 ms - 2[0m
2022-09-08 19:57:24 info: Database connection was successful
2022-09-08 19:57:24 info: =================================
2022-09-08 19:57:24 info: ======= ENV: development =======
2022-09-08 19:57:24 info: 🚀 App listening on the port 3000
2022-09-08 19:57:24 info: =================================
2022-09-08 19:58:03 info: ERROR: Database connection failed
2022-09-08 19:58:06 info: ERROR: Database connection failed
2022-09-08 19:58:15 info: ERROR: Database connection failed
2022-09-08 19:58:19 info: ERROR: Database connection failed
2022-09-08 19:58:26 info: ERROR: Database connection failed
2022-09-08 19:58:38 info: Database connection was successful
2022-09-08 19:58:38 info: =================================
2022-09-08 19:58:38 info: ======= ENV: development =======
2022-09-08 19:58:38 info: 🚀 App listening on the port 3000
2022-09-08 19:58:38 info: =================================
2022-09-08 19:58:51 info: ERROR: Database connection failed
2022-09-08 20:00:38 info: ERROR: Database connection failed
2022-09-08 20:00:55 info: ERROR: Database connection failed
2022-09-08 20:01:07 info: ERROR: Database connection failed
2022-09-08 20:01:11 info: ERROR: Database connection failed
2022-09-08 20:01:25 info: ERROR: Database connection failed
2022-09-08 20:01:30 info: ERROR: Database connection failed
2022-09-08 20:01:35 info: ERROR: Database connection failed
2022-09-08 20:01:57 info: ERROR: Database connection failed
2022-09-08 20:02:16 info: ERROR: Database connection failed
2022-09-08 20:02:19 info: ERROR: Database connection failed
2022-09-08 20:02:23 info: ERROR: Database connection failed
2022-09-08 20:02:26 info: Database connection was successful
2022-09-08 20:02:26 info: =================================
2022-09-08 20:02:26 info: ======= ENV: development =======
2022-09-08 20:02:26 info: 🚀 App listening on the port 3000
2022-09-08 20:02:26 info: =================================
2022-09-08 20:05:16 info: Database connection was successful
2022-09-08 20:05:16 info: =================================
2022-09-08 20:05:16 info: ======= ENV: development =======
2022-09-08 20:05:16 info: 🚀 App listening on the port 3000
2022-09-08 20:05:16 info: =================================
2022-09-08 20:05:38 info: Database connection was successful
2022-09-08 20:05:38 info: =================================
2022-09-08 20:05:38 info: ======= ENV: development =======
2022-09-08 20:05:38 info: 🚀 App listening on the port 3000
2022-09-08 20:05:38 info: =================================
2022-09-08 20:05:41 info: Database connection was successful
2022-09-08 20:05:41 info: =================================
2022-09-08 20:05:41 info: ======= ENV: development =======
2022-09-08 20:05:41 info: 🚀 App listening on the port 3000
2022-09-08 20:05:41 info: =================================
2022-09-08 20:06:45 info: Database connection was successful
2022-09-08 20:06:45 info: =================================
2022-09-08 20:06:45 info: ======= ENV: development =======
2022-09-08 20:06:45 info: 🚀 App listening on the port 3000
2022-09-08 20:06:45 info: =================================
2022-09-08 20:06:54 info: Database connection was successful
2022-09-08 20:06:54 info: =================================
2022-09-08 20:06:54 info: ======= ENV: development =======
2022-09-08 20:06:54 info: 🚀 App listening on the port 3000
2022-09-08 20:06:54 info: =================================
2022-09-08 20:07:01 info: Database connection was successful
2022-09-08 20:07:01 info: =================================
2022-09-08 20:07:01 info: ======= ENV: development =======
2022-09-08 20:07:01 info: 🚀 App listening on the port 3000
2022-09-08 20:07:01 info: =================================
2022-09-08 20:07:11 info: ERROR: Database connection failed
2022-09-08 20:07:20 info: Database connection was successful
2022-09-08 20:07:20 info: =================================
2022-09-08 20:07:20 info: ======= ENV: development =======
2022-09-08 20:07:20 info: 🚀 App listening on the port 3000
2022-09-08 20:07:20 info: =================================
2022-09-08 20:07:34 info: ERROR: Database connection failed
2022-09-08 20:07:40 info: ERROR: Database connection failed
2022-09-08 20:07:50 info: ERROR: Database connection failed
2022-09-08 20:08:06 info: Database connection was successful
2022-09-08 20:08:06 info: =================================
2022-09-08 20:08:06 info: ======= ENV: development =======
2022-09-08 20:08:06 info: 🚀 App listening on the port 3000
2022-09-08 20:08:06 info: =================================
2022-09-08 20:08:11 info: Database connection was successful
2022-09-08 20:08:11 info: =================================
2022-09-08 20:08:11 info: ======= ENV: development =======
2022-09-08 20:08:11 info: 🚀 App listening on the port 3000
2022-09-08 20:08:11 info: =================================
2022-09-08 20:08:26 info: Database connection was successful
2022-09-08 20:08:26 info: =================================
2022-09-08 20:08:26 info: ======= ENV: development =======
2022-09-08 20:08:26 info: 🚀 App listening on the port 3000
2022-09-08 20:08:26 info: =================================
2022-09-08 20:08:28 info: [0mGET / [32m200[0m 3.488 ms - 2[0m
2022-09-08 20:14:49 info: Database connection was successful
2022-09-08 20:14:49 info: =================================
2022-09-08 20:14:49 info: ======= ENV: development =======
2022-09-08 20:14:49 info: 🚀 App listening on the port 3000
2022-09-08 20:14:49 info: =================================
2022-09-08 20:15:08 info: Database connection was successful
2022-09-08 20:15:08 info: =================================
2022-09-08 20:15:08 info: ======= ENV: development =======
2022-09-08 20:15:08 info: 🚀 App listening on the port 3000
2022-09-08 20:15:08 info: =================================
2022-09-08 20:15:14 info: ERROR: Database connection failed
2022-09-08 20:15:17 info: ERROR: Database connection failed
2022-09-08 20:15:27 info: ERROR: Database connection failed
2022-09-08 20:15:30 info: ERROR: Database connection failed
2022-09-08 20:15:32 info: ERROR: Database connection failed
2022-09-08 20:15:35 info: ERROR: Database connection failed
2022-09-08 20:15:40 info: ERROR: Database connection failed
2022-09-08 20:15:44 info: ERROR: Database connection failed
2022-09-08 20:15:57 info: Database connection was successful
2022-09-08 20:15:57 info: =================================
2022-09-08 20:15:57 info: ======= ENV: development =======
2022-09-08 20:15:57 info: 🚀 App listening on the port 3000
2022-09-08 20:15:57 info: =================================
2022-09-08 20:15:59 info: Database connection was successful
2022-09-08 20:15:59 info: =================================
2022-09-08 20:15:59 info: ======= ENV: development =======
2022-09-08 20:15:59 info: 🚀 App listening on the port 3000
2022-09-08 20:15:59 info: =================================
2022-09-08 20:16:02 info: ERROR: Database connection failed
2022-09-08 20:16:11 info: Database connection was successful
2022-09-08 20:16:11 info: =================================
2022-09-08 20:16:11 info: ======= ENV: development =======
2022-09-08 20:16:11 info: 🚀 App listening on the port 3000
2022-09-08 20:16:11 info: =================================
2022-09-08 20:16:13 info: [0mGET / [32m200[0m 3.842 ms - 2[0m
2022-09-08 20:16:14 info: [0mGET / [32m200[0m 0.638 ms - 2[0m
2022-09-08 20:16:15 info: [0mGET / [32m200[0m 0.406 ms - 2[0m
2022-09-08 20:17:47 info: ERROR: Database connection failed
2022-09-08 20:17:54 info: ERROR: Database connection failed
2022-09-08 20:18:00 info: ERROR: Database connection failed
2022-09-08 20:18:04 info: ERROR: Database connection failed
2022-09-08 20:18:09 info: ERROR: Database connection failed
2022-09-08 20:18:15 info: ERROR: Database connection failed
2022-09-08 20:18:17 info: ERROR: Database connection failed
2022-09-08 20:19:16 info: ERROR: Database connection failed
2022-09-08 20:19:19 info: ERROR: Database connection failed
2022-09-08 20:19:28 info: ERROR: Database connection failed
2022-09-08 20:19:31 info: ERROR: Database connection failed
2022-09-08 20:19:35 info: ERROR: Database connection failed
2022-09-08 20:19:37 info: ERROR: Database connection failed
2022-09-08 20:19:46 info: Database connection was successful
2022-09-08 20:19:46 info: =================================
2022-09-08 20:19:46 info: ======= ENV: development =======
2022-09-08 20:19:46 info: 🚀 App listening on the port 3000
2022-09-08 20:19:46 info: =================================
2022-09-08 20:19:49 info: Database connection was successful
2022-09-08 20:19:49 info: =================================
2022-09-08 20:19:49 info: ======= ENV: development =======
2022-09-08 20:19:49 info: 🚀 App listening on the port 3000
2022-09-08 20:19:49 info: =================================
2022-09-08 20:20:10 info: ERROR: Database connection failed
2022-09-08 20:20:32 info: ERROR: Database connection failed
2022-09-08 20:20:35 info: ERROR: Database connection failed
2022-09-08 20:20:41 info: Database connection was successful
2022-09-08 20:20:41 info: =================================
2022-09-08 20:20:41 info: ======= ENV: development =======
2022-09-08 20:20:41 info: 🚀 App listening on the port 3000
2022-09-08 20:20:41 info: =================================
2022-09-08 20:20:45 info: Database connection was successful
2022-09-08 20:20:45 info: =================================
2022-09-08 20:20:45 info: ======= ENV: development =======
2022-09-08 20:20:45 info: 🚀 App listening on the port 3000
2022-09-08 20:20:45 info: =================================
2022-09-08 20:22:43 info: Database connection was successful
2022-09-08 20:22:43 info: =================================
2022-09-08 20:22:43 info: ======= ENV: development =======
2022-09-08 20:22:43 info: 🚀 App listening on the port 3000
2022-09-08 20:22:43 info: =================================
2022-09-08 20:22:46 info: Database connection was successful
2022-09-08 20:22:46 info: =================================
2022-09-08 20:22:46 info: ======= ENV: development =======
2022-09-08 20:22:46 info: 🚀 App listening on the port 3000
2022-09-08 20:22:46 info: =================================
2022-09-08 20:23:04 info: Database connection was successful
2022-09-08 20:23:04 info: =================================
2022-09-08 20:23:04 info: ======= ENV: development =======
2022-09-08 20:23:04 info: 🚀 App listening on the port 3000
2022-09-08 20:23:04 info: =================================
2022-09-08 20:23:09 info: Database connection was successful
2022-09-08 20:23:09 info: =================================
2022-09-08 20:23:09 info: ======= ENV: development =======
2022-09-08 20:23:09 info: 🚀 App listening on the port 3000
2022-09-08 20:23:09 info: =================================
2022-09-08 20:23:39 info: Database connection was successful
2022-09-08 20:23:39 info: =================================
2022-09-08 20:23:39 info: ======= ENV: development =======
2022-09-08 20:23:39 info: 🚀 App listening on the port 3000
2022-09-08 20:23:39 info: =================================
2022-09-08 20:25:38 info: Database connection was successful
2022-09-08 20:25:38 info: =================================
2022-09-08 20:25:38 info: ======= ENV: development =======
2022-09-08 20:25:38 info: 🚀 App listening on the port 3000
2022-09-08 20:25:38 info: =================================
2022-09-08 20:25:43 info: Database connection was successful
2022-09-08 20:25:43 info: =================================
2022-09-08 20:25:43 info: ======= ENV: development =======
2022-09-08 20:25:43 info: 🚀 App listening on the port 3000
2022-09-08 20:25:43 info: =================================
2022-09-08 20:26:11 info: Database connection was successful
2022-09-08 20:26:11 info: =================================
2022-09-08 20:26:11 info: ======= ENV: development =======
2022-09-08 20:26:11 info: 🚀 App listening on the port 3000
2022-09-08 20:26:11 info: =================================
2022-09-08 20:26:20 info: Database connection was successful
2022-09-08 20:26:20 info: =================================
2022-09-08 20:26:20 info: ======= ENV: development =======
2022-09-08 20:26:20 info: 🚀 App listening on the port 3000
2022-09-08 20:26:20 info: =================================
2022-09-08 20:26:25 info: Database connection was successful
2022-09-08 20:26:25 info: =================================
2022-09-08 20:26:25 info: ======= ENV: development =======
2022-09-08 20:26:25 info: 🚀 App listening on the port 3000
2022-09-08 20:26:25 info: =================================
2022-09-08 20:26:32 info: Database connection was successful
2022-09-08 20:26:32 info: =================================
2022-09-08 20:26:32 info: ======= ENV: development =======
2022-09-08 20:26:32 info: 🚀 App listening on the port 3000
2022-09-08 20:26:32 info: =================================
2022-09-08 20:26:50 info: Database connection was successful
2022-09-08 20:26:50 info: =================================
2022-09-08 20:26:50 info: ======= ENV: development =======
2022-09-08 20:26:50 info: 🚀 App listening on the port 3000
2022-09-08 20:26:50 info: =================================
2022-09-08 20:26:56 info: Database connection was successful
2022-09-08 20:26:56 info: =================================
2022-09-08 20:26:56 info: ======= ENV: development =======
2022-09-08 20:26:56 info: 🚀 App listening on the port 3000
2022-09-08 20:26:56 info: =================================
2022-09-08 20:27:50 info: Database connection was successful
2022-09-08 20:27:50 info: =================================
2022-09-08 20:27:50 info: ======= ENV: development =======
2022-09-08 20:27:50 info: 🚀 App listening on the port 3000
2022-09-08 20:27:50 info: =================================
2022-09-08 20:33:28 info: Database connection was successful
2022-09-08 20:33:28 info: =================================
2022-09-08 20:33:28 info: ======= ENV: development =======
2022-09-08 20:33:28 info: 🚀 App listening on the port 3000
2022-09-08 20:33:28 info: =================================
2022-09-08 20:33:31 info: Database connection was successful
2022-09-08 20:33:31 info: =================================
2022-09-08 20:33:31 info: ======= ENV: development =======
2022-09-08 20:33:31 info: 🚀 App listening on the port 3000
2022-09-08 20:33:31 info: =================================
2022-09-08 20:34:06 info: Database connection was successful
2022-09-08 20:34:06 info: =================================
2022-09-08 20:34:06 info: ======= ENV: development =======
2022-09-08 20:34:06 info: 🚀 App listening on the port 3000
2022-09-08 20:34:06 info: =================================
2022-09-08 20:35:12 info: [0mPOST / [33m404[0m 17.509 ms - 140[0m
2022-09-08 20:36:26 info: Database connection was successful
2022-09-08 20:36:26 info: =================================
2022-09-08 20:36:26 info: ======= ENV: development =======
2022-09-08 20:36:26 info: 🚀 App listening on the port 3000
2022-09-08 20:36:26 info: =================================
2022-09-08 20:36:56 info: Database connection was successful
2022-09-08 20:36:56 info: =================================
2022-09-08 20:36:56 info: ======= ENV: development =======
2022-09-08 20:36:56 info: 🚀 App listening on the port 3000
2022-09-08 20:36:56 info: =================================
2022-09-08 20:37:05 info: Database connection was successful
2022-09-08 20:37:06 info: =================================
2022-09-08 20:37:06 info: ======= ENV: development =======
2022-09-08 20:37:06 info: 🚀 App listening on the port 3000
2022-09-08 20:37:06 info: =================================
2022-09-08 20:37:07 info: [0mPOST / [33m404[0m 14.834 ms - 140[0m
2022-09-08 20:37:08 info: [0mPOST / [33m404[0m 1.189 ms - 140[0m
2022-09-08 20:37:25 info: Database connection was successful
2022-09-08 20:37:25 info: =================================
2022-09-08 20:37:25 info: ======= ENV: development =======
2022-09-08 20:37:25 info: 🚀 App listening on the port 3000
2022-09-08 20:37:25 info: =================================
2022-09-08 20:37:27 info: Database connection was successful
2022-09-08 20:37:27 info: =================================
2022-09-08 20:37:27 info: ======= ENV: development =======
2022-09-08 20:37:27 info: 🚀 App listening on the port 3000
2022-09-08 20:37:27 info: =================================
2022-09-08 20:37:28 info: [0mPOST / [33m404[0m 15.000 ms - 140[0m
2022-09-08 20:37:29 info: [0mPOST / [33m404[0m 1.755 ms - 140[0m
2022-09-08 20:37:34 info: [0mPOST / [33m404[0m 0.581 ms - 140[0m
2022-09-08 20:38:04 info: Database connection was successful
2022-09-08 20:38:04 info: =================================
2022-09-08 20:38:04 info: ======= ENV: development =======
2022-09-08 20:38:04 info: 🚀 App listening on the port 3000
2022-09-08 20:38:04 info: =================================
2022-09-08 20:38:07 info: [0mPOST / [33m404[0m 15.482 ms - 140[0m
2022-09-08 20:38:08 info: [0mPOST / [33m404[0m 1.462 ms - 140[0m
2022-09-08 20:38:13 info: Database connection was successful
2022-09-08 20:38:13 info: =================================
2022-09-08 20:38:13 info: ======= ENV: development =======
2022-09-08 20:38:13 info: 🚀 App listening on the port 3000
2022-09-08 20:38:13 info: =================================
2022-09-08 20:38:24 error: [POST] /users >> StatusCode:: 400, Message:: email must be an email
2022-09-08 20:38:24 info: [0mPOST /users [33m400[0m 21.360 ms - 36[0m
2022-09-08 20:39:05 info: [0mPOST /users [0m-[0m - ms - -[0m
2022-09-08 20:39:31 info: Database connection was successful
2022-09-08 20:39:31 info: =================================
2022-09-08 20:39:31 info: ======= ENV: development =======
2022-09-08 20:39:31 info: 🚀 App listening on the port 3000
2022-09-08 20:39:31 info: =================================
2022-09-08 20:39:47 info: Database connection was successful
2022-09-08 20:39:47 info: =================================
2022-09-08 20:39:47 info: ======= ENV: development =======
2022-09-08 20:39:47 info: 🚀 App listening on the port 3000
2022-09-08 20:39:47 info: =================================
2022-09-08 20:39:59 info: Database connection was successful
2022-09-08 20:39:59 info: =================================
2022-09-08 20:39:59 info: ======= ENV: development =======
2022-09-08 20:39:59 info: 🚀 App listening on the port 3000
2022-09-08 20:39:59 info: =================================
2022-09-08 20:40:01 error: [POST] /users >> StatusCode:: 500, Message:: password authentication failed for user "postgres"
2022-09-08 20:40:01 info: [0mPOST /users [31m500[0m 220.226 ms - 66[0m
2022-09-08 20:41:38 info: Database connection was successful
2022-09-08 20:41:38 info: =================================
2022-09-08 20:41:38 info: ======= ENV: development =======
2022-09-08 20:41:38 info: 🚀 App listening on the port 3000
2022-09-08 20:41:38 info: =================================
2022-09-08 20:41:40 error: [POST] /users >> StatusCode:: 500, Message:: password authentication failed for user "postgres"
2022-09-08 20:41:40 info: [0mPOST /users [31m500[0m 183.099 ms - 66[0m
2022-09-08 20:43:00 info: Database connection was successful
2022-09-08 20:43:01 info: =================================
2022-09-08 20:43:01 info: ======= ENV: development =======
2022-09-08 20:43:01 info: 🚀 App listening on the port 3000
2022-09-08 20:43:01 info: =================================
2022-09-08 20:43:04 info: Database connection was successful
2022-09-08 20:43:04 info: =================================
2022-09-08 20:43:04 info: ======= ENV: development =======
2022-09-08 20:43:04 info: 🚀 App listening on the port 3000
2022-09-08 20:43:04 info: =================================
2022-09-08 20:43:23 info: Database connection was successful
2022-09-08 20:43:23 info: =================================
2022-09-08 20:43:23 info: ======= ENV: development =======
2022-09-08 20:43:23 info: 🚀 App listening on the port 3000
2022-09-08 20:43:23 info: =================================
2022-09-08 20:43:29 info: Database connection was successful
2022-09-08 20:43:29 info: =================================
2022-09-08 20:43:29 info: ======= ENV: development =======
2022-09-08 20:43:29 info: 🚀 App listening on the port 3000
2022-09-08 20:43:29 info: =================================
2022-09-08 20:43:32 info: Database connection was successful
2022-09-08 20:43:32 info: =================================
2022-09-08 20:43:32 info: ======= ENV: development =======
2022-09-08 20:43:32 info: 🚀 App listening on the port 3000
2022-09-08 20:43:32 info: =================================
2022-09-08 20:43:53 error: [POST] /users >> StatusCode:: 500, Message:: password authentication failed for user "postgres"
2022-09-08 20:43:53 info: [0mPOST /users [31m500[0m 189.111 ms - 66[0m
2022-09-08 20:44:09 info: Database connection was successful
2022-09-08 20:44:09 info: =================================
2022-09-08 20:44:09 info: ======= ENV: development =======
2022-09-08 20:44:09 info: 🚀 App listening on the port 3000
2022-09-08 20:44:09 info: =================================
2022-09-08 20:44:12 error: [POST] /users >> StatusCode:: 500, Message:: password authentication failed for user "postgres"
2022-09-08 20:44:12 info: [0mPOST /users [31m500[0m 179.365 ms - 66[0m
2022-09-08 20:45:01 info: Database connection was successful
2022-09-08 20:45:01 info: =================================
2022-09-08 20:45:01 info: ======= ENV: development =======
2022-09-08 20:45:01 info: 🚀 App listening on the port 3000
2022-09-08 20:45:01 info: =================================
2022-09-08 20:45:05 info: Database connection was successful
2022-09-08 20:45:05 info: =================================
2022-09-08 20:45:05 info: ======= ENV: development =======
2022-09-08 20:45:05 info: 🚀 App listening on the port 3000
2022-09-08 20:45:05 info: =================================
2022-09-08 20:45:29 info: Database connection was successful
2022-09-08 20:45:29 info: =================================
2022-09-08 20:45:29 info: ======= ENV: development =======
2022-09-08 20:45:29 info: 🚀 App listening on the port 3000
2022-09-08 20:45:29 info: =================================
2022-09-08 20:45:32 error: [POST] /users >> StatusCode:: 500, Message:: password authentication failed for user "postgres"
2022-09-08 20:45:32 info: [0mPOST /users [31m500[0m 184.766 ms - 66[0m
2022-09-08 20:45:33 error: [POST] /users >> StatusCode:: 409, Message:: This email dimmy@gmail.com already exists
2022-09-08 20:45:33 info: [0mPOST /users [33m409[0m 7.340 ms - 55[0m
2022-09-08 20:45:42 error: [POST] /users >> StatusCode:: 409, Message:: This email dimmy@gmail.com already exists
2022-09-08 20:45:42 info: [0mPOST /users [33m409[0m 5.028 ms - 55[0m
2022-09-08 20:45:54 info: Database connection was successful
2022-09-08 20:45:54 info: =================================
2022-09-08 20:45:54 info: ======= ENV: development =======
2022-09-08 20:45:54 info: 🚀 App listening on the port 3000
2022-09-08 20:45:54 info: =================================
2022-09-08 20:46:01 info: Database connection was successful
2022-09-08 20:46:01 info: =================================
2022-09-08 20:46:01 info: ======= ENV: development =======
2022-09-08 20:46:01 info: 🚀 App listening on the port 3000
2022-09-08 20:46:01 info: =================================
2022-09-08 20:46:18 info: Database connection was successful
2022-09-08 20:46:18 info: =================================
2022-09-08 20:46:18 info: ======= ENV: development =======
2022-09-08 20:46:18 info: 🚀 App listening on the port 3000
2022-09-08 20:46:18 info: =================================
2022-09-08 20:47:07 info: Database connection was successful
2022-09-08 20:47:07 info: =================================
2022-09-08 20:47:07 info: ======= ENV: development =======
2022-09-08 20:47:07 info: 🚀 App listening on the port 3000
2022-09-08 20:47:07 info: =================================
2022-09-08 20:47:10 info: Database connection was successful
2022-09-08 20:47:10 info: =================================
2022-09-08 20:47:10 info: ======= ENV: development =======
2022-09-08 20:47:10 info: 🚀 App listening on the port 3000
2022-09-08 20:47:10 info: =================================
2022-09-08 20:47:16 info: Database connection was successful
2022-09-08 20:47:16 info: =================================
2022-09-08 20:47:16 info: ======= ENV: development =======
2022-09-08 20:47:16 info: 🚀 App listening on the port 3000
2022-09-08 20:47:16 info: =================================
2022-09-08 20:47:20 error: [POST] /users >> StatusCode:: 500, Message:: password authentication failed for user "postgres"
2022-09-08 20:47:20 info: [0mPOST /users [31m500[0m 184.010 ms - 66[0m
2022-09-08 20:47:23 error: [POST] /users >> StatusCode:: 409, Message:: This email dimmy@gmail.com already exists
2022-09-08 20:47:23 info: [0mPOST /users [33m409[0m 4.093 ms - 55[0m
2022-09-08 20:47:27 error: [POST] /users >> StatusCode:: 409, Message:: This email dimmy@gmail.com already exists
2022-09-08 20:47:27 info: [0mPOST /users [33m409[0m 4.348 ms - 55[0m
2022-09-08 20:52:25 info: Database connection was successful
2022-09-08 20:52:25 info: =================================
2022-09-08 20:52:25 info: ======= ENV: development =======
2022-09-08 20:52:25 info: 🚀 App listening on the port 3000
2022-09-08 20:52:25 info: =================================
2022-09-08 20:52:31 info: Database connection was successful
2022-09-08 20:52:31 info: =================================
2022-09-08 20:52:31 info: ======= ENV: development =======
2022-09-08 20:52:31 info: 🚀 App listening on the port 3000
2022-09-08 20:52:31 info: =================================
2022-09-08 20:52:42 info: Database connection was successful
2022-09-08 20:52:42 info: =================================
2022-09-08 20:52:42 info: ======= ENV: development =======
2022-09-08 20:52:42 info: 🚀 App listening on the port 3000
2022-09-08 20:52:42 info: =================================
2022-09-08 20:52:46 info: Database connection was successful
2022-09-08 20:52:47 info: =================================
2022-09-08 20:52:47 info: ======= ENV: development =======
2022-09-08 20:52:47 info: 🚀 App listening on the port 3000
2022-09-08 20:52:47 info: =================================
2022-09-08 20:53:11 info: Database connection was successful
2022-09-08 20:53:11 info: =================================
2022-09-08 20:53:11 info: ======= ENV: development =======
2022-09-08 20:53:11 info: 🚀 App listening on the port 3000
2022-09-08 20:53:11 info: =================================
2022-09-08 20:53:37 info: Database connection was successful
2022-09-08 20:53:37 info: =================================
2022-09-08 20:53:37 info: ======= ENV: development =======
2022-09-08 20:53:37 info: 🚀 App listening on the port 3000
2022-09-08 20:53:37 info: =================================
2022-09-08 20:53:41 info: Database connection was successful
2022-09-08 20:53:41 info: =================================
2022-09-08 20:53:41 info: ======= ENV: development =======
2022-09-08 20:53:41 info: 🚀 App listening on the port 3000
2022-09-08 20:53:41 info: =================================
2022-09-08 20:54:23 info: Database connection was successful
2022-09-08 20:54:23 info: =================================
2022-09-08 20:54:23 info: ======= ENV: development =======
2022-09-08 20:54:23 info: 🚀 App listening on the port 3000
2022-09-08 20:54:23 info: =================================
2022-09-08 20:54:40 info: Database connection was successful
2022-09-08 20:54:40 info: =================================
2022-09-08 20:54:40 info: ======= ENV: development =======
2022-09-08 20:54:40 info: 🚀 App listening on the port 3000
2022-09-08 20:54:40 info: =================================
2022-09-08 20:54:55 info: Database connection was successful
2022-09-08 20:54:55 info: =================================
2022-09-08 20:54:55 info: ======= ENV: development =======
2022-09-08 20:54:55 info: 🚀 App listening on the port 3000
2022-09-08 20:54:55 info: =================================
2022-09-08 20:55:10 info: Database connection was successful
2022-09-08 20:55:10 info: =================================
2022-09-08 20:55:10 info: ======= ENV: development =======
2022-09-08 20:55:10 info: 🚀 App listening on the port 3000
2022-09-08 20:55:10 info: =================================
2022-09-08 20:56:40 info: Database connection was successful
2022-09-08 20:56:40 info: =================================
2022-09-08 20:56:40 info: ======= ENV: development =======
2022-09-08 20:56:40 info: 🚀 App listening on the port 3000
2022-09-08 20:56:40 info: =================================
2022-09-08 20:57:06 info: Database connection was successful
2022-09-08 20:57:06 info: =================================
2022-09-08 20:57:06 info: ======= ENV: development =======
2022-09-08 20:57:06 info: 🚀 App listening on the port 3000
2022-09-08 20:57:06 info: =================================
2022-09-08 20:57:09 info: Database connection was successful
2022-09-08 20:57:09 info: =================================
2022-09-08 20:57:09 info: ======= ENV: development =======
2022-09-08 20:57:09 info: 🚀 App listening on the port 3000
2022-09-08 20:57:09 info: =================================
2022-09-08 20:59:02 info: Database connection was successful
2022-09-08 20:59:02 info: =================================
2022-09-08 20:59:02 info: ======= ENV: development =======
2022-09-08 20:59:02 info: 🚀 App listening on the port 3000
2022-09-08 20:59:02 info: =================================
2022-09-08 21:00:26 info: Database connection was successful
2022-09-08 21:00:26 info: =================================
2022-09-08 21:00:26 info: ======= ENV: development =======
2022-09-08 21:00:26 info: 🚀 App listening on the port 3000
2022-09-08 21:00:26 info: =================================
2022-09-08 21:00:34 info: Database connection was successful
2022-09-08 21:00:34 info: =================================
2022-09-08 21:00:34 info: ======= ENV: development =======
2022-09-08 21:00:34 info: 🚀 App listening on the port 3000
2022-09-08 21:00:34 info: =================================
2022-09-08 21:00:38 info: Database connection was successful
2022-09-08 21:00:38 info: =================================
2022-09-08 21:00:38 info: ======= ENV: development =======
2022-09-08 21:00:38 info: 🚀 App listening on the port 3000
2022-09-08 21:00:38 info: =================================
2022-09-08 21:03:58 info: Database connection was successful
2022-09-08 21:03:58 info: =================================
2022-09-08 21:03:58 info: ======= ENV: development =======
2022-09-08 21:03:58 info: 🚀 App listening on the port 3000
2022-09-08 21:03:58 info: =================================
2022-09-08 21:05:34 info: Database connection was successful
2022-09-08 21:05:34 info: =================================
2022-09-08 21:05:34 info: ======= ENV: development =======
2022-09-08 21:05:34 info: 🚀 App listening on the port 3000
2022-09-08 21:05:34 info: =================================
2022-09-08 21:05:57 info: Database connection was successful
2022-09-08 21:05:57 info: =================================
2022-09-08 21:05:57 info: ======= ENV: development =======
2022-09-08 21:05:57 info: 🚀 App listening on the port 3000
2022-09-08 21:05:57 info: =================================
2022-09-08 21:06:40 info: Database connection was successful
2022-09-08 21:06:40 info: =================================
2022-09-08 21:06:40 info: ======= ENV: development =======
2022-09-08 21:06:40 info: 🚀 App listening on the port 3000
2022-09-08 21:06:40 info: =================================
2022-09-08 21:07:00 info: Database connection was successful
2022-09-08 21:07:00 info: =================================
2022-09-08 21:07:00 info: ======= ENV: development =======
2022-09-08 21:07:00 info: 🚀 App listening on the port 3000
2022-09-08 21:07:00 info: =================================
2022-09-08 21:07:02 info: [0mPOST /users [32m201[0m 84.145 ms - 137[0m
2022-09-08 21:07:29 info: Database connection was successful
2022-09-08 21:07:30 info: =================================
2022-09-08 21:07:30 info: ======= ENV: development =======
2022-09-08 21:07:30 info: 🚀 App listening on the port 3000
2022-09-08 21:07:30 info: =================================
2022-09-08 21:07:38 info: Database connection was successful
2022-09-08 21:07:38 info: =================================
2022-09-08 21:07:38 info: ======= ENV: development =======
2022-09-08 21:07:38 info: 🚀 App listening on the port 3000
2022-09-08 21:07:38 info: =================================
2022-09-08 21:08:48 info: Database connection was successful
2022-09-08 21:08:48 info: =================================
2022-09-08 21:08:48 info: ======= ENV: development =======
2022-09-08 21:08:48 info: 🚀 App listening on the port 3000
2022-09-08 21:08:48 info: =================================
2022-09-08 21:08:55 info: Database connection was successful
2022-09-08 21:08:55 info: =================================
2022-09-08 21:08:55 info: ======= ENV: development =======
2022-09-08 21:08:55 info: 🚀 App listening on the port 3000
2022-09-08 21:08:55 info: =================================
2022-09-08 21:09:13 info: Database connection was successful
2022-09-08 21:09:13 info: =================================
2022-09-08 21:09:13 info: ======= ENV: development =======
2022-09-08 21:09:13 info: 🚀 App listening on the port 3000
2022-09-08 21:09:13 info: =================================
2022-09-08 21:35:28 info: Database connection was successful
2022-09-08 21:35:28 info: =================================
2022-09-08 21:35:28 info: ======= ENV: development =======
2022-09-08 21:35:28 info: 🚀 App listening on the port 3000
2022-09-08 21:35:28 info: =================================
2022-09-08 21:35:34 info: Database connection was successful
2022-09-08 21:35:34 info: =================================
2022-09-08 21:35:34 info: ======= ENV: development =======
2022-09-08 21:35:34 info: 🚀 App listening on the port 3000
2022-09-08 21:35:34 info: =================================
2022-09-08 21:37:49 info: Database connection was successful
2022-09-08 21:37:49 info: =================================
2022-09-08 21:37:49 info: ======= ENV: development =======
2022-09-08 21:37:49 info: 🚀 App listening on the port 3000
2022-09-08 21:37:49 info: =================================
2022-09-08 21:38:23 info: [0mPOST /users [32m201[0m 196.785 ms - 137[0m
2022-09-08 21:39:01 info: Database connection was successful
2022-09-08 21:39:01 info: =================================
2022-09-08 21:39:01 info: ======= ENV: development =======
2022-09-08 21:39:01 info: 🚀 App listening on the port 3000
2022-09-08 21:39:01 info: =================================
2022-09-08 21:39:04 info: [0mPOST /users [32m201[0m 197.830 ms - 137[0m
2022-09-08 21:39:31 info: Database connection was successful
2022-09-08 21:39:31 info: =================================
2022-09-08 21:39:31 info: ======= ENV: development =======
2022-09-08 21:39:31 info: 🚀 App listening on the port 3000
2022-09-08 21:39:31 info: =================================
2022-09-08 21:39:33 info: [0mPOST /users [32m201[0m 194.658 ms - -[0m
2022-09-08 21:40:53 info: Database connection was successful
2022-09-08 21:40:53 info: =================================
2022-09-08 21:40:53 info: ======= ENV: development =======
2022-09-08 21:40:53 info: 🚀 App listening on the port 3000
2022-09-08 21:40:53 info: =================================
2022-09-08 21:40:55 info: [0mPOST /users [32m201[0m 195.523 ms - -[0m
2022-09-08 21:41:21 error: [POST] /users >> StatusCode:: 409, Message:: This email dimmy@gmail.com already exists
2022-09-08 21:41:21 info: [0mPOST /users [33m409[0m 8.429 ms - 55[0m
2022-09-08 21:41:29 info: Database connection was successful
2022-09-08 21:41:29 info: =================================
2022-09-08 21:41:29 info: ======= ENV: development =======
2022-09-08 21:41:29 info: 🚀 App listening on the port 3000
2022-09-08 21:41:29 info: =================================
2022-09-08 21:41:33 info: [0mPOST /users [32m201[0m 200.843 ms - -[0m
2022-09-08 21:42:00 info: Database connection was successful
2022-09-08 21:42:00 info: =================================
2022-09-08 21:42:00 info: ======= ENV: development =======
2022-09-08 21:42:00 info: 🚀 App listening on the port 3000
2022-09-08 21:42:00 info: =================================
2022-09-08 22:18:35 info: Database connection was successful
2022-09-08 22:18:35 info: =================================
2022-09-08 22:18:35 info: ======= ENV: development =======
2022-09-08 22:18:35 info: 🚀 App listening on the port 3000
2022-09-08 22:18:35 info: =================================
2022-09-08 22:18:39 info: [0mPOST /users [32m201[0m 215.908 ms - -[0m
2022-09-08 22:18:54 info: Database connection was successful
2022-09-08 22:18:54 info: =================================
2022-09-08 22:18:54 info: ======= ENV: development =======
2022-09-08 22:18:54 info: 🚀 App listening on the port 3000
2022-09-08 22:18:54 info: =================================
2022-09-08 22:18:58 error: [POST] /users >> StatusCode:: 500, Message:: getaddrinfo ENOTFOUND localhostdd
2022-09-08 22:18:58 info: [0mPOST /users [31m500[0m 2376.911 ms - 47[0m
2022-09-08 22:19:06 info: Database connection was successful
2022-09-08 22:19:06 info: =================================
2022-09-08 22:19:06 info: ======= ENV: development =======
2022-09-08 22:19:06 info: 🚀 App listening on the port 3000
2022-09-08 22:19:06 info: =================================
2022-09-08 22:19:39 info: Database connection was successful
2022-09-08 22:19:39 info: =================================
2022-09-08 22:19:39 info: ======= ENV: development =======
2022-09-08 22:19:39 info: 🚀 App listening on the port 3000
2022-09-08 22:19:39 info: =================================
2022-09-08 22:19:42 info: Database connection was successful
2022-09-08 22:19:42 info: =================================
2022-09-08 22:19:42 info: ======= ENV: development =======
2022-09-08 22:19:42 info: 🚀 App listening on the port 3000
2022-09-08 22:19:42 info: =================================
2022-09-08 22:20:00 info: Database connection was successful
2022-09-08 22:20:00 info: =================================
2022-09-08 22:20:00 info: ======= ENV: development =======
2022-09-08 22:20:00 info: 🚀 App listening on the port 3000
2022-09-08 22:20:00 info: =================================
2022-09-08 22:20:17 info: Database connection was successful
2022-09-08 22:20:17 info: =================================
2022-09-08 22:20:17 info: ======= ENV: development =======
2022-09-08 22:20:17 info: 🚀 App listening on the port 3000
2022-09-08 22:20:17 info: =================================
2022-09-08 22:20:33 info: Database connection was successful
2022-09-08 22:20:33 info: =================================
2022-09-08 22:20:33 info: ======= ENV: development =======
2022-09-08 22:20:33 info: 🚀 App listening on the port 3000
2022-09-08 22:20:33 info: =================================
2022-09-08 22:20:45 info: Database connection was successful
2022-09-08 22:20:45 info: =================================
2022-09-08 22:20:45 info: ======= ENV: development =======
2022-09-08 22:20:45 info: 🚀 App listening on the port 3000
2022-09-08 22:20:45 info: =================================
2022-09-08 22:21:10 info: Database connection was successful
2022-09-08 22:21:10 info: =================================
2022-09-08 22:21:10 info: ======= ENV: development =======
2022-09-08 22:21:10 info: 🚀 App listening on the port 3000
2022-09-08 22:21:10 info: =================================
2022-09-08 22:21:24 info: [0mPOST /users [32m201[0m 295.386 ms - -[0m
2022-09-08 22:21:51 info: Database connection was successful
2022-09-08 22:21:51 info: =================================
2022-09-08 22:21:51 info: ======= ENV: development =======
2022-09-08 22:21:51 info: 🚀 App listening on the port 3000
2022-09-08 22:21:51 info: =================================
2022-09-08 22:22:00 info: [0mPOST /users [32m201[0m 221.890 ms - -[0m
2022-09-08 22:22:09 info: Database connection was successful
2022-09-08 22:22:09 info: =================================
2022-09-08 22:22:09 info: ======= ENV: development =======
2022-09-08 22:22:09 info: 🚀 App listening on the port 3000
2022-09-08 22:22:09 info: =================================
2022-09-08 22:22:19 info: [0mPOST /users [32m201[0m 225.557 ms - -[0m
2022-09-08 22:22:34 info: Database connection was successful
2022-09-08 22:22:34 info: =================================
2022-09-08 22:22:34 info: ======= ENV: development =======
2022-09-08 22:22:34 info: 🚀 App listening on the port 3000
2022-09-08 22:22:34 info: =================================
2022-09-08 22:23:07 info: Database connection was successful
2022-09-08 22:23:07 info: =================================
2022-09-08 22:23:07 info: ======= ENV: development =======
2022-09-08 22:23:07 info: 🚀 App listening on the port 3000
2022-09-08 22:23:07 info: =================================
2022-09-08 22:23:09 info: [0mPOST /users [32m201[0m 217.186 ms - -[0m
2022-09-08 22:24:10 info: Database connection was successful
2022-09-08 22:24:10 info: =================================
2022-09-08 22:24:10 info: ======= ENV: development =======
2022-09-08 22:24:10 info: 🚀 App listening on the port 3000
2022-09-08 22:24:10 info: =================================
2022-09-08 22:24:17 info: Database connection was successful
2022-09-08 22:24:17 info: =================================
2022-09-08 22:24:17 info: ======= ENV: development =======
2022-09-08 22:24:17 info: 🚀 App listening on the port 3000
2022-09-08 22:24:17 info: =================================
2022-09-08 22:24:17 info: [0mPOST /users [32m201[0m 296.462 ms - -[0m
2022-09-08 22:25:10 info: Database connection was successful
2022-09-08 22:25:10 info: =================================
2022-09-08 22:25:10 info: ======= ENV: development =======
2022-09-08 22:25:10 info: 🚀 App listening on the port 3000
2022-09-08 22:25:10 info: =================================
2022-09-08 22:25:16 info: Database connection was successful
2022-09-08 22:25:16 info: =================================
2022-09-08 22:25:16 info: ======= ENV: development =======
2022-09-08 22:25:16 info: 🚀 App listening on the port 3000
2022-09-08 22:25:16 info: =================================
2022-09-08 22:25:30 info: [0mPOST /users [32m201[0m 266.664 ms - -[0m
2022-09-08 22:28:40 info: Database connection was successful
2022-09-08 22:28:40 info: =================================
2022-09-08 22:28:40 info: ======= ENV: development =======
2022-09-08 22:28:40 info: 🚀 App listening on the port 3000
2022-09-08 22:28:40 info: =================================
2022-09-08 22:28:45 info: Database connection was successful
2022-09-08 22:28:45 info: =================================
2022-09-08 22:28:45 info: ======= ENV: development =======
2022-09-08 22:28:45 info: 🚀 App listening on the port 3000
2022-09-08 22:28:45 info: =================================
2022-09-08 22:28:50 info: Database connection was successful
2022-09-08 22:28:50 info: =================================
2022-09-08 22:28:50 info: ======= ENV: development =======
2022-09-08 22:28:50 info: 🚀 App listening on the port 3000
2022-09-08 22:28:50 info: =================================
2022-09-08 22:28:54 info: Database connection was successful
2022-09-08 22:28:54 info: =================================
2022-09-08 22:28:54 info: ======= ENV: development =======
2022-09-08 22:28:54 info: 🚀 App listening on the port 3000
2022-09-08 22:28:54 info: =================================
2022-09-08 22:29:45 info: Database connection was successful
2022-09-08 22:29:45 info: =================================
2022-09-08 22:29:45 info: ======= ENV: development =======
2022-09-08 22:29:45 info: 🚀 App listening on the port 3000
2022-09-08 22:29:45 info: =================================
2022-09-08 22:30:38 info: [0mPOST /users [0m-[0m - ms - -[0m
2022-09-08 22:30:57 error: [POST] /users >> StatusCode:: 500, Message:: connect ETIMEDOUT 128.199.249.171:25060
2022-09-08 22:31:10 info: Database connection was successful
2022-09-08 22:31:10 info: =================================
2022-09-08 22:31:10 info: ======= ENV: development =======
2022-09-08 22:31:10 info: 🚀 App listening on the port 3000
2022-09-08 22:31:10 info: =================================
2022-09-08 22:31:13 info: Database connection was successful
2022-09-08 22:31:13 info: =================================
2022-09-08 22:31:13 info: ======= ENV: development =======
2022-09-08 22:31:13 info: 🚀 App listening on the port 3000
2022-09-08 22:31:13 info: =================================
2022-09-08 22:31:40 info: Database connection was successful
2022-09-08 22:31:40 info: =================================
2022-09-08 22:31:40 info: ======= ENV: development =======
2022-09-08 22:31:40 info: 🚀 App listening on the port 3000
2022-09-08 22:31:40 info: =================================
2022-09-08 22:31:58 info: Database connection was successful
2022-09-08 22:31:58 info: =================================
2022-09-08 22:31:58 info: ======= ENV: development =======
2022-09-08 22:31:58 info: 🚀 App listening on the port 3000
2022-09-08 22:31:58 info: =================================
2022-09-08 22:32:00 info: [0mPOST /users [32m201[0m 205.810 ms - -[0m
2022-09-08 22:32:14 info: Database connection was successful
2022-09-08 22:32:14 info: =================================
2022-09-08 22:32:14 info: ======= ENV: development =======
2022-09-08 22:32:14 info: 🚀 App listening on the port 3000
2022-09-08 22:32:14 info: =================================
2022-09-08 22:32:53 info: Database connection was successful
2022-09-08 22:32:53 info: =================================
2022-09-08 22:32:53 info: ======= ENV: development =======
2022-09-08 22:32:53 info: 🚀 App listening on the port 3000
2022-09-08 22:32:53 info: =================================
2022-09-08 22:33:06 info: Database connection was successful
2022-09-08 22:33:06 info: =================================
2022-09-08 22:33:06 info: ======= ENV: development =======
2022-09-08 22:33:06 info: 🚀 App listening on the port 3000
2022-09-08 22:33:06 info: =================================
2022-09-08 22:33:34 info: Database connection was successful
2022-09-08 22:33:34 info: =================================
2022-09-08 22:33:34 info: ======= ENV: development =======
2022-09-08 22:33:34 info: 🚀 App listening on the port 3000
2022-09-08 22:33:34 info: =================================
2022-09-08 22:33:55 info: Database connection was successful
2022-09-08 22:33:55 info: =================================
2022-09-08 22:33:55 info: ======= ENV: development =======
2022-09-08 22:33:55 info: 🚀 App listening on the port 3000
2022-09-08 22:33:55 info: =================================
2022-09-08 22:33:58 info: Database connection was successful
2022-09-08 22:33:58 info: =================================
2022-09-08 22:33:58 info: ======= ENV: development =======
2022-09-08 22:33:58 info: 🚀 App listening on the port 3000
2022-09-08 22:33:58 info: =================================
2022-09-08 22:34:32 info: Database connection was successful
2022-09-08 22:34:32 info: =================================
2022-09-08 22:34:32 info: ======= ENV: development =======
2022-09-08 22:34:32 info: 🚀 App listening on the port 3000
2022-09-08 22:34:32 info: =================================
2022-09-08 22:34:40 info: Database connection was successful
2022-09-08 22:34:40 info: =================================
2022-09-08 22:34:40 info: ======= ENV: development =======
2022-09-08 22:34:40 info: 🚀 App listening on the port 3000
2022-09-08 22:34:40 info: =================================
2022-09-08 22:35:26 info: Database connection was successful
2022-09-08 22:35:26 info: =================================
2022-09-08 22:35:26 info: ======= ENV: development =======
2022-09-08 22:35:26 info: 🚀 App listening on the port 3000
2022-09-08 22:35:26 info: =================================
2022-09-08 22:35:53 info: Database connection was successful
2022-09-08 22:35:53 info: =================================
2022-09-08 22:35:53 info: ======= ENV: development =======
2022-09-08 22:35:53 info: 🚀 App listening on the port 3000
2022-09-08 22:35:53 info: =================================
2022-09-08 22:36:05 info: Database connection was successful
2022-09-08 22:36:05 info: =================================
2022-09-08 22:36:05 info: ======= ENV: development =======
2022-09-08 22:36:05 info: 🚀 App listening on the port 3000
2022-09-08 22:36:05 info: =================================
2022-09-08 22:37:08 info: Database connection was successful
2022-09-08 22:37:09 info: =================================
2022-09-08 22:37:09 info: ======= ENV: development =======
2022-09-08 22:37:09 info: 🚀 App listening on the port 3000
2022-09-08 22:37:09 info: =================================
2022-09-08 22:37:39 info: Database connection was successful
2022-09-08 22:37:39 info: =================================
2022-09-08 22:37:39 info: ======= ENV: development =======
2022-09-08 22:37:39 info: 🚀 App listening on the port 3000
2022-09-08 22:37:39 info: =================================
2022-09-08 22:37:42 info: Database connection was successful
2022-09-08 22:37:42 info: =================================
2022-09-08 22:37:42 info: ======= ENV: development =======
2022-09-08 22:37:42 info: 🚀 App listening on the port 3000
2022-09-08 22:37:42 info: =================================
2022-09-08 22:37:44 info: [0mPOST /users [32m201[0m 221.886 ms - -[0m
2022-09-08 22:37:55 info: Database connection was successful
2022-09-08 22:37:55 info: =================================
2022-09-08 22:37:55 info: ======= ENV: development =======
2022-09-08 22:37:55 info: 🚀 App listening on the port 3000
2022-09-08 22:37:55 info: =================================
2022-09-08 22:40:06 info: Database connection was successful
2022-09-08 22:40:06 info: =================================
2022-09-08 22:40:06 info: ======= ENV: development =======
2022-09-08 22:40:06 info: 🚀 App listening on the port 3000
2022-09-08 22:40:06 info: =================================
2022-09-08 22:40:09 info: [0mPOST /users [32m201[0m 202.274 ms - -[0m
2022-09-08 23:05:03 error: [POST] /users >> StatusCode:: 409, Message:: This email dimmy@gmail.com already exists
2022-09-08 23:05:03 info: [0mPOST /users [33m409[0m 8.648 ms - 55[0m
2022-09-08 23:05:13 info: Database connection was successful
2022-09-08 23:05:13 info: =================================
2022-09-08 23:05:13 info: ======= ENV: development =======
2022-09-08 23:05:13 info: 🚀 App listening on the port 3000
2022-09-08 23:05:13 info: =================================
2022-09-08 23:05:46 error: [POST] /users >> StatusCode:: 500, Message:: connect ETIMEDOUT 128.199.249.171:25060
2022-09-08 23:05:46 info: [0mPOST /users [31m500[0m 21167.503 ms - 53[0m
2022-09-08 23:07:22 info: Database connection was successful
2022-09-08 23:07:23 info: =================================
2022-09-08 23:07:23 info: ======= ENV: development =======
2022-09-08 23:07:23 info: 🚀 App listening on the port 3000
2022-09-08 23:07:23 info: =================================
2022-09-08 23:07:34 info: Database connection was successful
2022-09-08 23:07:34 info: =================================
2022-09-08 23:07:34 info: ======= ENV: development =======
2022-09-08 23:07:34 info: 🚀 App listening on the port 3000
2022-09-08 23:07:34 info: =================================
